# Neural Network with 1318551 learnable parameters
## Layer information

  #  name     size
---  -------  --------
  0  input    3x40x40
  1  conv1    32x38x38
  2  pool1    32x19x19
  3  conv2    64x18x18
  4  pool2    64x9x9
  5  conv3    128x8x8
  6  pool3    128x4x4
  7  hidden4  500
  8  hidden5  500
  9  output   3 

1	0.938579466492	0.840309583401	1.11694485584	0.632606907895
2	0.696568514362	0.610381362691	1.14120213516	0.802117598684
3	0.501598981286	0.475137355585	1.05569258108	0.835526315789
4	0.401994897757	0.411395255348	0.977150058322	0.876027960526
5	0.33334913203	0.329998060249	1.01015482266	0.909950657895
6	0.28134961778	0.273540886087	1.02854685383	0.920435855263
7	0.295134896527	0.27541667674	1.07159413882	0.913137335526
8	0.209589372841	0.225710696744	0.928575277402	0.941920230263
9	0.178892549623	0.206774274876	0.865158636058	0.951685855263
10	0.284888025015	0.261513532202	1.08938158043	0.931435032895
11	0.167826671017	0.201759122856	0.831817013479	0.955592105263
12	0.130466214552	0.182399421656	0.71527756704	0.947060032895
13	0.103960423274	0.179630941145	0.578744522583	0.947060032895
14	0.0878031731617	0.18208038994	0.482222018475	0.949013157895
15	0.0740950756263	0.181153515838	0.40901814841	0.948293585526
16	0.0637887778126	0.191163384774	0.333687216764	0.939761513158
17	0.0557238548623	0.204398191074	0.272624011834	0.933182565789
18	0.0497113435933	0.201303183258	0.246947627895	0.933182565789
19	0.0441354976017	0.205943472619	0.214308795712	0.935135690789
20	0.0411485057066	0.36031732404	0.114200741849	0.855365953947
21	1.79186091757	0.62482959964	2.86775933567	0.756270559211
22	0.509793008156	0.490429255192	1.03948327462	0.807976973684
23	0.411215782319	0.456656022466	0.900493505151	0.844572368421
24	0.347819304726	0.382021093475	0.910471465231	0.867495888158
25	0.297200709803	0.33154647391	0.896407391392	0.883120888158
26	0.25617212578	0.295344042826	0.86736852157	0.892886513158
27	0.234358630004	0.289828724119	0.808610777682	0.910670230263
28	0.192843870847	0.263566730513	0.731670004295	0.916529605263
29	0.166660749121	0.25259179708	0.659802697664	0.916529605263
30	0.146435809917	0.258201968656	0.56713669024	0.904091282895
31	0.123668249682	0.241879671674	0.51128004609	0.928967927632
32	0.0979154607992	0.251346037493	0.389564370203	0.910670230263
33	0.253370164605	0.2691525211	0.941362776647	0.941920230263
34	0.149368606829	0.235527684669	0.634187047006	0.929481907895
35	0.0997193086176	0.20929407987	0.476455467251	0.941920230263
36	0.0703566726304	0.20472907589	0.343657452291	0.948499177632
37	0.0553381028038	0.215441832104	0.256858671612	0.939967105263
38	0.0465566283089	0.253174379562	0.183891546963	0.941920230263
39	0.0398925271741	0.224604019777	0.17761270352	0.943873355263
40	0.0479801765338	0.299185473973	0.160369338446	0.943873355263
41	0.0425279262889	0.205645383637	0.206802241493	0.945826480263
42	0.0290675688033	0.283095196979	0.102677718002	0.945826480263
43	0.0303442454477	0.229852123532	0.132016380713	0.956311677632
44	0.0210234261635	0.270946963916	0.077592403545	0.956311677632
45	0.0205958920622	0.256941791997	0.0801578127954	0.949732730263
46	0.018450660811	0.27503593621	0.0670845456244	0.951685855263
47	0.017734093423	0.285553529824	0.0621042696756	0.951685855263
48	0.0172032777169	0.289951512376	0.0593315674609	0.951685855263
49	0.0182028905572	0.268824287992	0.0677129685461	0.962171052632
50	0.01736333682	0.303354210111	0.0572378303688	0.951685855263
51	0.0179896880192	0.336269331546	0.0534978552355	0.939247532895
52	0.0180967682996	0.276458478247	0.0654592632296	0.960217927632
53	0.0224606527057	0.298631744395	0.0752118725728	0.962171052632
54	0.0299793974232	0.202590271461	0.147980439569	0.951685855263
55	0.0114896362586	0.246039021642	0.0466984309316	0.964124177632
56	0.0136279441407	0.28385931631	0.0480095010369	0.960217927632
57	0.0187644318791	0.237837822748	0.0788959117699	0.962171052632
58	0.0132098361972	0.300407163317	0.0439731065375	0.957545230263
59	0.0338173934304	1.00079192204	0.0337906338826	0.811574835526
60	0.760949915614	0.29914902286	2.54371519699	0.906763980263
61	0.221239386167	0.264530736921	0.836346614167	0.918482730263
62	0.170827253312	0.230190360114	0.742112976527	0.932154605263
63	0.132173337449	0.213952825964	0.617768598537	0.938733552632
64	0.105467350397	0.20615132498	0.511601613075	0.938733552632
65	0.0838831204071	0.209194753251	0.400980995477	0.940686677632
66	0.0699867066042	0.241368147771	0.289958336468	0.940686677632
67	0.0607571618631	0.202902382002	0.299440357789	0.942639802632
68	0.0488586705754	0.223595440189	0.218513716264	0.942639802632
69	0.0592374804611	0.353804485714	0.167429987049	0.934827302632
70	0.0570733562938	0.192532831628	0.296434409712	0.946546052632
71	0.0309533902228	0.200433586491	0.154432152639	0.940686677632
72	0.03240416519	0.218076472959	0.148590834904	0.948499177632
73	0.0280204843017	0.262100971078	0.106907212844	0.938733552632
74	0.0352968685116	0.262133527232	0.134652247213	0.930201480263
75	0.0233141059813	0.204630520846	0.113932691394	0.952405427632
76	0.0190028206445	0.206224304546	0.092146367938	0.948499177632
77	0.013767734221	0.234629177948	0.0586786960657	0.946546052632
78	0.0116809448152	0.224508990458	0.052028851011	0.948499177632
79	0.0083091215126	0.232798036647	0.0356924037346	0.948499177632
80	0.00725152532992	0.239554366693	0.0302708960393	0.948499177632
81	0.006572245792	0.244223207726	0.0269108159425	0.948499177632
82	0.00557011012323	0.249702380328	0.0223069964968	0.948499177632
83	0.00493917887572	0.263076950757	0.0187746545697	0.948499177632
84	0.00693363366382	0.311430786429	0.0222638029571	0.946546052632
85	0.0160241235572	0.328681628942	0.0487527204025	0.939967105263
86	0.0186864518731	0.190734672804	0.097970922635	0.948499177632
87	0.00940288522101	0.311789734488	0.0301577767993	0.950452302632
88	0.0148558135114	0.276097539799	0.0538063958201	0.944592927632
89	0.00636781025088	0.29493748463	0.021590372817	0.948499177632
90	0.00833709356787	0.273498901555	0.0304830970818	0.950452302632
91	0.0125273668472	0.296198142581	0.0422938737497	0.952405427632
92	0.0170021049306	0.27378646628	0.0620998735314	0.948499177632
93	0.00623608305794	0.267975470575	0.0232710965842	0.952405427632
94	0.00847122560244	0.291130664864	0.0290976754592	0.948499177632
95	0.00977352317718	0.235403662321	0.0415181441139	0.948499177632
96	0.0031317113685	0.215897194847	0.0145055676648	0.950452302632
97	0.00190363534403	0.241014243536	0.00789843503064	0.950452302632
98	0.00160533211722	0.233071600767	0.00688772082029	0.950452302632
99	0.00144077674462	0.242098290701	0.00595120577038	0.950452302632
100	0.00133028251846	0.244816806854	0.00543378755549	0.950452302632
101	0.00123977795858	0.247470505924	0.00500980088091	0.950452302632
102	0.00116068309562	0.250149657492	0.0046399547665	0.950452302632
103	0.00109560335585	0.252242495722	0.00434345272677	0.950452302632
104	0.00103393763326	0.254313822507	0.00406559746958	0.950452302632
105	0.000980238207527	0.256330161503	0.00382412355135	0.950452302632
106	0.000931656451311	0.258063955847	0.00361017658686	0.950452302632
107	0.00088732064134	0.259487525155	0.00341951175036	0.950452302632
108	0.000846761942085	0.261260106314	0.00324106865772	0.950452302632
109	0.000810553196284	0.262619935389	0.00308641152883	0.950452302632
110	0.000774715748901	0.263994520602	0.00293459026018	0.950452302632
111	0.000743797482025	0.265260235741	0.00280402933349	0.950452302632
112	0.000714213595378	0.266539636201	0.00267957743756	0.950452302632
113	0.000686721961078	0.267696873339	0.00256529690658	0.950452302632
114	0.000661508230506	0.268819370415	0.00246079078857	0.950452302632
115	0.00063628570713	0.270076027456	0.00235595033414	0.950452302632
116	0.000615488050623	0.271077368206	0.00227052540275	0.950452302632
117	0.000593569353733	0.272347081522	0.00217945920484	0.950452302632
118	0.000574774410095	0.273218755477	0.00210371505826	0.950452302632
119	0.000555985653933	0.27440460594	0.00202615277549	0.950452302632
120	0.000539001241524	0.275480137509	0.00195658840016	0.950452302632
121	0.000522854130021	0.276452063135	0.00189130124077	0.950452302632
122	0.000506772951899	0.277511096783	0.00182613581141	0.950452302632
123	0.000492984656173	0.27837261985	0.00177095238907	0.950452302632
124	0.000478862500153	0.279476135647	0.00171342894464	0.950452302632
125	0.0004661507928	0.28022204533	0.00166350506882	0.950452302632
126	0.000453485409094	0.281039159211	0.00161360221247	0.950452302632
127	0.000441378734598	0.281900381001	0.00156572592428	0.950452302632
128	0.000430502760927	0.282699191317	0.00152282982813	0.950452302632
129	0.000419738618639	0.283507462468	0.00148052053016	0.948499177632
130	0.000409135205478	0.2843267706	0.00143896125087	0.948499177632
131	0.000399867156923	0.284985185661	0.00140311559001	0.948499177632
132	0.0003898299198	0.285876499294	0.00136363052144	0.948499177632
133	0.000381006324457	0.286546113923	0.00132965099139	0.948499177632
134	0.000372710455759	0.287167868219	0.00129788356222	0.948499177632
135	0.00036375027849	0.288047214872	0.00126281477379	0.948499177632
136	0.000356306979802	0.288667837617	0.00123431478458	0.948499177632
137	0.000348431627661	0.289330951826	0.00120426668997	0.948499177632
138	0.000341108366627	0.289957121402	0.00117640968767	0.948499177632
139	0.000334027850027	0.290671956416	0.00114915746997	0.948499177632
140	0.000327123433179	0.291299574379	0.00112297944093	0.948499177632
141	0.000320891271725	0.291882423104	0.00109938539057	0.948499177632
142	0.000313992865676	0.292586568178	0.00107316226999	0.948499177632
143	0.000308421249578	0.293177242823	0.00105199587324	0.948499177632
144	0.000301989094663	0.293784980218	0.00102792557482	0.948499177632
145	0.000296443885416	0.294381051681	0.00100700735908	0.948499177632
146	0.000290678647345	0.294908666072	0.000985656512631	0.948499177632
147	0.00028542691401	0.295509285336	0.000965881372173	0.948499177632
148	0.000280212221743	0.29604426986	0.000946521349241	0.948499177632
149	0.00027523398779	0.29666696025	0.000927754096911	0.948499177632
150	0.000270336179561	0.297203080556	0.000909600866368	0.948499177632
151	0.000265561246053	0.297734029771	0.000891941194151	0.948499177632
152	0.000261128575044	0.298359939485	0.000875213259176	0.948499177632
153	0.000256676835735	0.298796606331	0.000859035311303	0.948499177632
154	0.000252306036996	0.299276105227	0.000843054398896	0.948499177632
155	0.000248243300014	0.299829435172	0.0008279483963	0.948499177632
156	0.000244203322397	0.300216552793	0.000813423910592	0.948499177632
157	0.000240261235688	0.300795253312	0.000798753414632	0.948499177632
158	0.000236487794167	0.30119114592	0.000785175120088	0.948499177632
159	0.00023276908128	0.30165648295	0.00077163626322	0.948499177632
160	0.000229250637889	0.30205525191	0.000758969216524	0.948499177632
161	0.000225600409533	0.302587654311	0.000745570436596	0.948499177632
162	0.00022244201201	0.302972789319	0.00073419798692	0.948499177632
163	0.000218920332601	0.303357515449	0.000721657850726	0.948499177632
164	0.000215738999748	0.303795646538	0.000710145132779	0.948499177632
165	0.000212661001679	0.304215455023	0.000699047330328	0.948499177632
166	0.000209563223417	0.304686101598	0.000687800402834	0.948499177632
167	0.000206675536083	0.305039653887	0.000677536620074	0.948499177632
168	0.000203595198812	0.305499978336	0.000666432776593	0.948499177632
169	0.000200921847222	0.305967167298	0.000656677803035	0.948499177632
170	0.000198096985892	0.306350957545	0.000646634133215	0.948499177632
171	0.000195392334209	0.30672663863	0.000637024338941	0.948499177632
172	0.000192923041613	0.307080946556	0.000628248166407	0.948499177632
173	0.00019014713817	0.307566283612	0.000618231413201	0.948499177632
174	0.000187788816698	0.307904132884	0.000609893783949	0.948499177632
175	0.000185350741815	0.308248216353	0.000601303533911	0.948499177632
176	0.000182867043985	0.308639612702	0.000592493757958	0.948499177632
177	0.000180612631757	0.309053104129	0.000584406463951	0.948499177632
178	0.00017828574429	0.309433111369	0.000576168928727	0.948499177632
179	0.000176057693277	0.3097401442	0.000568404504788	0.948499177632
180	0.000173880882728	0.310102101264	0.000560721394727	0.948499177632
181	0.000171718343816	0.310557181193	0.00055293631645	0.948499177632
182	0.000169661325952	0.310862536745	0.000545776045351	0.948499177632
183	0.00016760379508	0.311238034392	0.000538506790815	0.948499177632
184	0.000165580505885	0.311593986803	0.000531398271141	0.948499177632
185	0.000163637729787	0.31190449019	0.000524640506738	0.948499177632
186	0.000161746818675	0.312259157763	0.000517989031398	0.948499177632
187	0.000159891537978	0.312627655286	0.000511443998234	0.948499177632
188	0.000157937225202	0.31296967771	0.000504640661543	0.948499177632
189	0.000156249517365	0.313336040589	0.000498664363893	0.948499177632
190	0.000154403274521	0.313654284652	0.000492272167402	0.948499177632
191	0.000152672643699	0.313969649254	0.000486265612174	0.948499177632
192	0.000151022573359	0.314264014913	0.00048055954927	0.948499177632
193	0.000149278569221	0.314594038057	0.000474511755349	0.948499177632
194	0.000147749575232	0.314955568155	0.000469112440517	0.948499177632
195	0.000146068377329	0.315332917888	0.000463219565871	0.948499177632
196	0.000144484612983	0.315689661207	0.000457679267767	0.948499177632
197	0.000143026045515	0.316016058356	0.000452591068502	0.948499177632
198	0.000141474333341	0.316324265988	0.000447244642768	0.948499177632
199	0.00014007221296	0.316632674318	0.000442380791124	0.948499177632
200	0.000138518692659	0.316937418441	0.000437053767081	0.948499177632
201	0.000137163872431	0.317238058541	0.000432368906371	0.948499177632
202	0.000135743171924	0.317540356113	0.000427483213741	0.948499177632
203	0.000134388422347	0.317801906681	0.000422868521308	0.948499177632
204	0.000133065206199	0.318062378096	0.000418361979796	0.948499177632
205	0.000131723577187	0.318419895164	0.000413678853576	0.948499177632
206	0.000130442945704	0.318652422039	0.000409358086372	0.948499177632
207	0.000129121670613	0.318943212846	0.000404842195765	0.948499177632
208	0.000127943089708	0.319203289829	0.000400820084831	0.948499177632
209	0.000126642387043	0.319460561538	0.000396425732283	0.948499177632
210	0.000125529129774	0.319700207012	0.00039264638252	0.948499177632
211	0.000124244253822	0.320010512593	0.000388250538445	0.948499177632
212	0.000123138721558	0.320306267634	0.000384440562052	0.948499177632
213	0.000121966457244	0.320534370385	0.000380509762797	0.948499177632
214	0.000120839170413	0.320788710984	0.000376693961712	0.948499177632
215	0.000119750075416	0.321045130898	0.000373000752515	0.948499177632
216	0.000118662679891	0.321296422202	0.000369324622657	0.948499177632
217	0.000117547089241	0.321585686047	0.000365523387207	0.948499177632
218	0.000116527920232	0.321808413648	0.000362103398451	0.948499177632
219	0.000115481271588	0.322049084141	0.000358582828752	0.948499177632
220	0.000114434428624	0.322298282082	0.000355057519654	0.948499177632
221	0.00011344067996	0.322525650281	0.00035172607159	0.948499177632
222	0.00011245927487	0.322765523253	0.000348424062571	0.948499177632
223	0.000111421859325	0.323018649769	0.000344939400262	0.948499177632
224	0.000110538618816	0.323221227374	0.00034199059175	0.948499177632
225	0.000109501240029	0.323533090045	0.000338454530303	0.948499177632
226	0.000108641295116	0.323695866283	0.000335627687693	0.948499177632
227	0.000107690476826	0.323938600719	0.00033244101378	0.948499177632
228	0.000106785572159	0.324133489057	0.000329449365042	0.948499177632
229	0.000105867225455	0.324432725289	0.000326314878872	0.948499177632
230	0.00010499301234	0.32469508144	0.000323358801354	0.948499177632
231	0.000104121778703	0.324910748167	0.000320462709499	0.948499177632
232	0.000103263810804	0.325128697222	0.000317609032011	0.948499177632
233	0.000102418120059	0.325398470451	0.000314746777749	0.948499177632
234	0.000101608913171	0.325604090568	0.000312062766145	0.948499177632
235	0.000100751081803	0.325835855802	0.000309208087473	0.948499177632
236	9.9953326447e-05	0.326041451982	0.000306566314926	0.948499177632
237	9.91528924164e-05	0.32632125371	0.00030385055	0.948499177632
238	9.83784445159e-05	0.326525194714	0.000301288985073	0.948499177632
239	9.76168739888e-05	0.326705900124	0.000298791279716	0.948499177632
240	9.68061711219e-05	0.326933622682	0.000296103442429	0.948499177632
241	9.61117101933e-05	0.327143121004	0.000293791016906	0.948499177632
242	9.53112857106e-05	0.327385287343	0.000291128799599	0.948499177632
243	9.46274452428e-05	0.327551758892	0.000288893106735	0.948499177632
244	9.38722472215e-05	0.327819318822	0.00028635361564	0.948499177632
245	9.31878949429e-05	0.327986703478	0.000284120953547	0.948499177632
246	9.24673485418e-05	0.328203181636	0.000281738123564	0.948499177632
247	9.17613844999e-05	0.328428543213	0.000279395279113	0.948499177632
248	9.10932581981e-05	0.328621801395	0.000277197854224	0.948499177632
249	9.0409270686e-05	0.328832257712	0.00027494039458	0.948499177632
250	8.97619110627e-05	0.32901852364	0.000272817196034	0.948499177632
251	8.9059263064e-05	0.329242765797	0.000270497251013	0.948499177632
252	8.84446037067e-05	0.329440177261	0.000268469390837	0.948499177632
253	8.77587603986e-05	0.329660652506	0.000266209387537	0.948499177632
254	8.71728100373e-05	0.329812710718	0.000264310037802	0.948499177632
255	8.65242479776e-05	0.330059639319	0.000262147314213	0.948499177632
256	8.59142267876e-05	0.330265211547	0.000260137077064	0.948499177632
257	8.52963662273e-05	0.330476327632	0.000258101289247	0.948499177632
258	8.47008326536e-05	0.330666959674	0.000256151484675	0.948499177632
259	8.40976738511e-05	0.330858097377	0.00025418049163	0.948499177632
260	8.35249418482e-05	0.331064181019	0.000252292294476	0.948499177632
261	8.29541310658e-05	0.331236322389	0.000250437906289	0.948499177632
262	8.23493031176e-05	0.33141232989	0.000248479901593	0.948499177632
263	8.18129285351e-05	0.331635644076	0.000246695221085	0.948499177632
264	8.12191874982e-05	0.331849758675	0.000244746863226	0.948499177632
265	8.07000432478e-05	0.332024828873	0.000243054242425	0.948499177632
266	8.01218262514e-05	0.332199354833	0.000241185977895	0.948499177632
267	7.95967095808e-05	0.332400454679	0.000239460290924	0.948499177632
268	7.90312715288e-05	0.332610048011	0.000237609392745	0.948499177632
269	7.85514861568e-05	0.33278329883	0.000236043955429	0.948499177632
270	7.79727045717e-05	0.332972540893	0.000234171575718	0.948499177632
271	7.75034940163e-05	0.333127610763	0.000232654068628	0.948499177632
272	7.69692532789e-05	0.33335675217	0.000230891538203	0.948499177632
273	7.64764533739e-05	0.333554476296	0.00022927725097	0.948499177632
274	7.59697410709e-05	0.333760790774	0.000227617333045	0.948499177632
275	7.54808902887e-05	0.333935541458	0.000226034311769	0.948499177632
276	7.5002282918e-05	0.334136977871	0.000224465676909	0.948499177632
277	7.45253766273e-05	0.334313175787	0.00022292084795	0.948499177632
278	7.40290585344e-05	0.334497516559	0.000221314224679	0.948499177632
279	7.35914093665e-05	0.334677992266	0.000219887208203	0.948499177632
280	7.31139258266e-05	0.334849862495	0.000218348382412	0.948499177632
281	7.2656368464e-05	0.335036259923	0.000216861209234	0.948499177632
282	7.22299238491e-05	0.335169720841	0.000215502533068	0.948499177632
283	7.17422792532e-05	0.335375016775	0.000213916587893	0.948499177632
284	7.13412597155e-05	0.335546899816	0.000212611887503	0.948499177632
285	7.08738933594e-05	0.335736137713	0.000211099984179	0.948499177632
286	7.04583353104e-05	0.335911861576	0.000209752448097	0.948499177632
287	7.00209503208e-05	0.336081217622	0.000208345324431	0.948499177632
288	6.9594427001e-05	0.336252385157	0.000206970805481	0.948499177632
289	6.9187868245e-05	0.336411533979	0.000205664376089	0.948499177632
290	6.87510897726e-05	0.336599518174	0.000204251895979	0.948499177632
291	6.83621676679e-05	0.336757006763	0.000203001470779	0.948499177632
292	6.79444358939e-05	0.336908047426	0.000201670563862	0.948499177632
293	6.75352712084e-05	0.337080378726	0.000200353611396	0.948499177632
294	6.71482992103e-05	0.337274255667	0.000199091090061	0.948499177632
295	6.67460841384e-05	0.337451312353	0.000197794709029	0.948499177632
296	6.63622733747e-05	0.33761489042	0.00019656204527	0.948499177632
297	6.59735631881e-05	0.337761486256	0.000195325890822	0.948499177632
298	6.55800742238e-05	0.337948533292	0.000194053436436	0.948499177632
299	6.52044489845e-05	0.338087223517	0.000192862801221	0.948499177632
300	6.48343127041e-05	0.338258637079	0.000191670826986	0.948499177632
301	6.44540526457e-05	0.338428323245	0.000190451118357	0.948499177632
302	6.40929176872e-05	0.338587591333	0.000189294939707	0.948499177632
303	6.37219001666e-05	0.338736550217	0.000188116399384	0.948499177632
304	6.33652030114e-05	0.338909326153	0.000186968012154	0.948499177632
305	6.30124065116e-05	0.339047426738	0.000185851304397	0.948499177632
306	6.26448738577e-05	0.339238937491	0.000184662982148	0.948499177632
307	6.2312577892e-05	0.339382790727	0.000183605591075	0.948499177632
308	6.19516963482e-05	0.339541958806	0.000182456673591	0.948499177632
309	6.16186507993e-05	0.339695326402	0.000181393872715	0.948499177632
310	6.12802190927e-05	0.339860209104	0.000180310072939	0.948499177632
311	6.09360709206e-05	0.339979905434	0.000179234331049	0.948499177632
312	6.0595175533e-05	0.340172407793	0.000178130777644	0.948499177632
313	6.02842061904e-05	0.340324569779	0.000177137390432	0.948499177632
314	5.99517099856e-05	0.340470685947	0.000176084792201	0.948499177632
315	5.96277246374e-05	0.340619303786	0.00017505679794	0.948499177632
316	5.92997557634e-05	0.340756926857	0.000174023625316	0.948499177632
317	5.89928664593e-05	0.340912239767	0.000173044143266	0.948499177632
318	5.86664624178e-05	0.341089065282	0.000171997488015	0.948499177632
319	5.83652718882e-05	0.34122554117	0.000171046023367	0.948499177632
320	5.80589961003e-05	0.341365915099	0.0001700784804	0.948499177632
321	5.77419229297e-05	0.341533252014	0.000169066767552	0.948499177632
322	5.74527218018e-05	0.341657047109	0.000168159042197	0.948499177632
323	5.71424573111e-05	0.341809059899	0.00016717654391	0.948499177632
324	5.68512463112e-05	0.341959882471	0.00016625121608	0.948499177632
325	5.65606830887e-05	0.34209115614	0.000165338045353	0.948499177632
326	5.62686108765e-05	0.34224628366	0.000164409706001	0.948499177632
327	5.5979696008e-05	0.342379876136	0.000163501712308	0.948499177632
328	5.56876517064e-05	0.342519930341	0.000162582223028	0.948499177632
329	5.54124032086e-05	0.342665214717	0.000161710033084	0.948499177632
330	5.51340514544e-05	0.342805532396	0.000160831860177	0.948499177632
331	5.48503614613e-05	0.342933010033	0.000159944828455	0.948499177632
332	5.45831764976e-05	0.34304546846	0.000159113533091	0.948499177632
333	5.43010578578e-05	0.343191566525	0.000158223753595	0.948499177632
334	5.40428077176e-05	0.343315866565	0.000157414244376	0.948499177632
335	5.37700894048e-05	0.343465325595	0.000156551725598	0.948499177632
336	5.35187172968e-05	0.343586570492	0.000155764869448	0.948499177632
337	5.3244864531e-05	0.343721350447	0.000154907061961	0.948499177632
338	5.29845117849e-05	0.343850873496	0.000154091543366	0.946546052632
339	5.27415894556e-05	0.343971779902	0.000153331152546	0.946546052632
340	5.24689506596e-05	0.344108528743	0.000152477914021	0.946546052632
341	5.22371786532e-05	0.344227316328	0.000151751985317	0.946546052632
342	5.196438667e-05	0.34436305354	0.000150900005491	0.946546052632
343	5.17393590131e-05	0.34448064143	0.000150195258573	0.946546052632
344	5.14766262416e-05	0.344629881876	0.000149367855049	0.946546052632
345	5.12441615845e-05	0.34474544479	0.000148643476974	0.946546052632
346	5.09979093311e-05	0.344870721089	0.00014787543915	0.946546052632
347	5.07523418322e-05	0.345003740313	0.00014710664234	0.946546052632
348	5.05256502212e-05	0.345139441737	0.000146391991501	0.946546052632
349	5.02847200327e-05	0.34525627908	0.000145644621343	0.946546052632
350	5.00496478558e-05	0.34536651664	0.000144917487493	0.946546052632
351	4.98225261399e-05	0.345486923533	0.000144209585794	0.946546052632
352	4.9589946034e-05	0.345618454899	0.000143481765314	0.946546052632
353	4.9361333438e-05	0.345762124626	0.00014276096172	0.946546052632
354	4.91439873045e-05	0.34587486991	0.000142086030469	0.946546052632
355	4.89083243115e-05	0.346002707334	0.000141352432437	0.946546052632
356	4.86966893675e-05	0.346140428623	0.000140684778028	0.946546052632
357	4.84662188078e-05	0.34626713954	0.000139967710688	0.946546052632
358	4.82578146696e-05	0.346373981378	0.000139322862755	0.946546052632
359	4.80342792461e-05	0.346494564953	0.000138629243009	0.946546052632
360	4.78260538836e-05	0.346597075469	0.000137987470953	0.946546052632
361	4.7603542902e-05	0.346740541055	0.000137288656115	0.946546052632
362	4.73988337248e-05	0.346858808476	0.000136651665077	0.946546052632
363	4.71859918293e-05	0.346993550827	0.000135985212742	0.946546052632
364	4.69826518505e-05	0.347094935066	0.000135359658422	0.946546052632
365	4.67726571777e-05	0.347229379368	0.000134702476106	0.946546052632
366	4.65699996519e-05	0.347343472998	0.000134074779785	0.946546052632
367	4.63624821523e-05	0.347470967755	0.000133428362237	0.946546052632
368	4.61628881006e-05	0.347589192775	0.000132808755451	0.946546052632
369	4.59723045532e-05	0.34770477674	0.000132216488322	0.946546052632
370	4.57592217775e-05	0.347838761515	0.000131552968905	0.946546052632
371	4.55744828294e-05	0.347960633118	0.00013097597398	0.946546052632
372	4.53686823098e-05	0.348068988438	0.000130343937027	0.946546052632
373	4.51927199607e-05	0.348178244426	0.000129797655897	0.946546052632
374	4.49829132681e-05	0.348319249964	0.000129142771388	0.946546052632
375	4.48074636352e-05	0.348427164638	0.000128599225843	0.946546052632
376	4.46024045736e-05	0.348550442983	0.00012796542214	0.946546052632
377	4.44281335652e-05	0.34865209912	0.000127428269261	0.946546052632
378	4.42358043519e-05	0.348791319202	0.000126825989973	0.946546052632
379	4.40513975688e-05	0.348902635709	0.000126256992812	0.946546052632
380	4.38733345219e-05	0.349023827917	0.000125702977885	0.946546052632
381	4.36837591359e-05	0.349133959237	0.000125120338426	0.946546052632
382	4.35090643544e-05	0.349274616808	0.000124569786239	0.946546052632
383	4.3321453307e-05	0.349375782927	0.00012399672623	0.946546052632
384	4.31553691163e-05	0.349483698763	0.00012348321043	0.946546052632
385	4.29682972835e-05	0.349622485006	0.000122899124416	0.946546052632
386	4.28023865074e-05	0.349729952937	0.000122386962135	0.946546052632
387	4.26234005776e-05	0.349855819305	0.000121831332296	0.946546052632
388	4.24511285985e-05	0.349952113673	0.000121305535643	0.946546052632
389	4.22812365305e-05	0.350068675558	0.000120779834023	0.946546052632
390	4.21117494386e-05	0.350198760061	0.000120250995267	0.946546052632
391	4.19423613728e-05	0.350317241114	0.000119726797458	0.946546052632
392	4.17808705033e-05	0.350400796544	0.000119237373075	0.946546052632
393	4.16011899589e-05	0.350540099621	0.000118677406676	0.946546052632
394	4.14523583071e-05	0.350630938219	0.000118222192593	0.946546052632
395	4.12735003178e-05	0.350762701402	0.00011766787105	0.946546052632
396	4.11209782949e-05	0.350872032141	0.000117196511913	0.946546052632
397	4.09546640629e-05	0.350976242428	0.000116687852658	0.946546052632
398	4.079612496e-05	0.351103207812	0.000116194110599	0.946546052632
399	4.06341494887e-05	0.351187377395	0.000115705039829	0.946546052632
400	4.04774538858e-05	0.35129625477	0.000115223129584	0.946546052632
401	4.03213535094e-05	0.351422688661	0.000114737479424	0.946546052632
402	4.01669150743e-05	0.351516776496	0.000114267419822	0.946546052632
403	4.00012124247e-05	0.351646377806	0.000113754086348	0.946546052632
404	3.98666623448e-05	0.351733426228	0.00011334339978	0.946546052632
405	3.96980707664e-05	0.351853723971	0.000112825495545	0.946546052632
406	3.95584193407e-05	0.351962593137	0.000112393817161	0.946546052632
407	3.93937675268e-05	0.352089586176	0.000111885636706	0.946546052632
408	3.92599494742e-05	0.352177558569	0.000111477714917	0.946546052632
409	3.91012930739e-05	0.352287637231	0.000110992521285	0.946546052632
410	3.89614082087e-05	0.352377909788	0.000110567113109	0.946546052632
411	3.88059044246e-05	0.352499462072	0.000110087840125	0.946546052632
412	3.86686516718e-05	0.352606397051	0.000109665201753	0.946546052632
413	3.85211285318e-05	0.352708885439	0.000109215078276	0.946546052632
414	3.83762758335e-05	0.352812071074	0.000108772570385	0.946546052632
415	3.82365437941e-05	0.3529042794	0.000108348200988	0.946546052632
416	3.80974945807e-05	0.353003737813	0.000107923771053	0.946546052632
417	3.79486540566e-05	0.353120108461	0.000107466703672	0.946546052632
418	3.7818367191e-05	0.353226754705	0.000107065409648	0.946546052632
419	3.76770747085e-05	0.353312737157	0.000106639446434	0.946546052632
420	3.75358806132e-05	0.353413920793	0.000106209400379	0.946546052632
421	3.74053738609e-05	0.353519191808	0.000105808608776	0.946546052632
422	3.72680030314e-05	0.353603981021	0.000105394749583	0.946546052632
423	3.71326418777e-05	0.353695545732	0.000104984759706	0.946546052632
424	3.69991250978e-05	0.353801158606	0.000104576042779	0.946546052632
425	3.68694881514e-05	0.353878189026	0.000104186947076	0.946546052632
426	3.6735299184e-05	0.353965601318	0.000103782116249	0.946546052632
427	3.66054670976e-05	0.354063395545	0.000103386759428	0.946546052632
428	3.64731167869e-05	0.354133166722	0.000102992659864	0.946546052632
429	3.63469411915e-05	0.354239209811	0.000102605641004	0.946546052632
430	3.62184470159e-05	0.354346382534	0.00010221198466	0.946546052632
431	3.60883776617e-05	0.354446948354	0.000101816020223	0.946546052632
432	3.59661587375e-05	0.354532008206	0.000101446859254	0.946546052632
433	3.5839622284e-05	0.354606041209	0.000101068842938	0.946546052632
434	3.57113177824e-05	0.354706289246	0.00010067855819	0.946546052632
435	3.55925452211e-05	0.354794285148	0.000100318823361	0.946546052632
436	3.54618051766e-05	0.354891708242	9.99228901464e-05	0.946546052632
437	3.53492844207e-05	0.354966916165	9.95847297619e-05	0.946546052632
438	3.52163014501e-05	0.355060697602	9.91838907768e-05	0.946546052632
439	3.51062499365e-05	0.355142837266	9.88510713233e-05	0.946546052632
440	3.49783106326e-05	0.355243447045	9.84629299246e-05	0.946546052632
441	3.48634215971e-05	0.355317467642	9.81190759589e-05	0.946546052632
442	3.47415066588e-05	0.35540379484	9.77522107621e-05	0.946546052632
443	3.46284681898e-05	0.35548326257	9.74123730592e-05	0.946546052632
444	3.45032320373e-05	0.355580052995	9.70336545784e-05	0.946546052632
445	3.4391597217e-05	0.355668105376	9.66957584815e-05	0.946546052632
446	3.42724571102e-05	0.355756814368	9.63367551259e-05	0.946546052632
447	3.41630537032e-05	0.355843611827	9.60058086411e-05	0.946546052632
448	3.40400194597e-05	0.355937221564	9.56348968228e-05	0.946546052632
449	3.39349359898e-05	0.356032732031	9.53140903541e-05	0.946546052632
450	3.38146305626e-05	0.356124150254	9.49518041349e-05	0.946546052632
451	3.37101282614e-05	0.356205933177	9.46366276403e-05	0.946546052632
452	3.35900824972e-05	0.356289245195	9.42775650688e-05	0.946546052632
453	3.34863545907e-05	0.356365128717	9.39664178457e-05	0.946546052632
454	3.33660825235e-05	0.356479826347	9.35987959414e-05	0.946546052632
455	3.3269489444e-05	0.356556486907	9.3307766555e-05	0.946546052632
456	3.31475519579e-05	0.356660238161	9.29387366779e-05	0.946546052632
457	3.30503960996e-05	0.356730687032	9.26480319777e-05	0.946546052632
458	3.29334342128e-05	0.356833518959	9.22935555743e-05	0.946546052632
459	3.28323513381e-05	0.356912036327	9.19900367497e-05	0.946546052632
460	3.27213067006e-05	0.357010697257	9.16535749545e-05	0.946546052632
461	3.26187764138e-05	0.357091908446	9.13456049894e-05	0.946546052632
462	3.25113873691e-05	0.357172222129	9.10244004287e-05	0.946546052632
463	3.24061338653e-05	0.357263764431	9.07064670186e-05	0.946546052632
464	3.23029211829e-05	0.357341914831	9.0397795059e-05	0.946546052632
465	3.2200769344e-05	0.35741280906	9.0094055187e-05	0.946546052632
466	3.20946864904e-05	0.357517514226	8.9770948872e-05	0.946546052632
467	3.19943058936e-05	0.357598317601	8.94699564255e-05	0.946546052632
468	3.18909212009e-05	0.357695034309	8.91567344862e-05	0.946546052632
469	3.17943305398e-05	0.357760997041	8.88703095161e-05	0.946546052632
470	3.1687851456e-05	0.357849644236	8.85507418168e-05	0.946546052632
471	3.15955623678e-05	0.357919450645	8.82756226601e-05	0.946546052632
472	3.1488532236e-05	0.358007022708	8.79550685844e-05	0.946546052632
473	3.13951986149e-05	0.358083742117	8.767557675e-05	0.946546052632
474	3.12927964834e-05	0.358174281911	8.73675137043e-05	0.946546052632
475	3.11970088557e-05	0.358257881747	8.70797557995e-05	0.946546052632
476	3.10996478118e-05	0.3583450173	8.67868850141e-05	0.946546052632
477	3.10043931789e-05	0.358420581555	8.65028259382e-05	0.946546052632
478	3.09069109083e-05	0.358491158775	8.62138720906e-05	0.946546052632
479	3.08106523736e-05	0.358579318363	8.59242315321e-05	0.946546052632
480	3.07194530999e-05	0.358664995329	8.56494319212e-05	0.946546052632
481	3.06195256522e-05	0.358741557136	8.53526028504e-05	0.946546052632
482	3.05328380699e-05	0.358816673548	8.50931417652e-05	0.946546052632
483	3.04305661749e-05	0.358921191521	8.47834201317e-05	0.946546052632
484	3.03451989138e-05	0.358992484934	8.45287859422e-05	0.946546052632
485	3.02500262175e-05	0.359057703123	8.42483699817e-05	0.946546052632
486	3.01583664881e-05	0.359137271421	8.39744824277e-05	0.946546052632
487	3.00652040557e-05	0.359218628142	8.36961162378e-05	0.946546052632
488	2.99782283327e-05	0.35929967531	8.34351667779e-05	0.946546052632
489	2.98859706056e-05	0.359383125577	8.31590814333e-05	0.946546052632
490	2.97964272936e-05	0.359451485807	8.28941553175e-05	0.946546052632
491	2.97067491566e-05	0.359531320608	8.26263178029e-05	0.946546052632
492	2.96190218411e-05	0.359607321414	8.23649021512e-05	0.946546052632
493	2.95306758705e-05	0.359690130304	8.21003229793e-05	0.946546052632
494	2.94435357131e-05	0.359759838781	8.18421973192e-05	0.946546052632
495	2.93542125334e-05	0.359846004176	8.15743740175e-05	0.946546052632
496	2.92691942322e-05	0.359920595082	8.1321254277e-05	0.946546052632
497	2.91800421989e-05	0.360000639563	8.10555287742e-05	0.946546052632
498	2.91007057035e-05	0.36007748915	8.08178977593e-05	0.946546052632
499	2.90079777203e-05	0.360164181136	8.05409844721e-05	0.946546052632
500	2.89273642859e-05	0.360232663009	8.03018916837e-05	0.946546052632
501	2.884301546e-05	0.360307050608	8.00512102424e-05	0.946546052632
502	2.87550818961e-05	0.360378760183	7.97912781585e-05	0.946546052632
503	2.86781413143e-05	0.360451488501	7.95617225318e-05	0.946546052632
504	2.85875168041e-05	0.360538245324	7.92912185457e-05	0.946546052632
505	2.85107820345e-05	0.360613118843	7.90619657045e-05	0.946546052632
506	2.84231873349e-05	0.360694931132	7.88011831654e-05	0.946546052632
507	2.83468627903e-05	0.360757677385	7.85759100008e-05	0.946546052632
508	2.82613322727e-05	0.36083279116	7.83225165924e-05	0.946546052632
509	2.81844061104e-05	0.360921009764	7.80902340068e-05	0.946546052632
510	2.80994395072e-05	0.360992355164	7.78394309609e-05	0.946546052632
511	2.80225356697e-05	0.361054594021	7.76130151333e-05	0.946546052632
512	2.79429097632e-05	0.361137352084	7.73747428839e-05	0.946546052632
513	2.78599929823e-05	0.361214536004	7.71286595787e-05	0.946546052632
514	2.77863996741e-05	0.361291437652	7.69085474448e-05	0.946546052632
515	2.77024278551e-05	0.361379531185	7.66574348144e-05	0.946546052632
516	2.76304329284e-05	0.361441437289	7.64451169066e-05	0.946546052632
517	2.75476025654e-05	0.361520179019	7.61993497573e-05	0.946546052632
518	2.7474620384e-05	0.361588925426	7.59830250654e-05	0.946546052632
519	2.73934822141e-05	0.361663808879	7.57429456349e-05	0.946546052632
520	2.73214171979e-05	0.361747940943	7.55261166841e-05	0.946546052632
521	2.72416203836e-05	0.361834808587	7.5287450895e-05	0.946546052632
522	2.71684245862e-05	0.36190748276	7.50700824948e-05	0.946546052632
523	2.70926827344e-05	0.361966725338	7.48485450123e-05	0.946546052632
524	2.70160117308e-05	0.362044287108	7.4620737553e-05	0.946546052632
525	2.69457113163e-05	0.362113479325	7.44123399287e-05	0.946546052632
526	2.68661090823e-05	0.362203013424	7.41741732855e-05	0.946546052632
527	2.67989109199e-05	0.362262141879	7.39765706151e-05	0.946546052632
528	2.67190563257e-05	0.362336301737	7.37410416721e-05	0.946546052632
529	2.66524392283e-05	0.362400757633	7.35441046051e-05	0.946546052632
530	2.65742658962e-05	0.362479733461	7.3312418442e-05	0.946546052632
531	2.65067136237e-05	0.36255007431	7.3111869234e-05	0.946546052632
532	2.64300728378e-05	0.362623935354	7.28856268465e-05	0.946546052632
533	2.6362079707e-05	0.362694205079	7.26840388896e-05	0.946546052632
534	2.62865685438e-05	0.362772316607	7.2460238393e-05	0.946546052632
535	2.62195768879e-05	0.362833131572	7.22634583406e-05	0.946546052632
536	2.61455120014e-05	0.362914332738	7.20432059107e-05	0.946546052632
537	2.60770156776e-05	0.362980919369	7.18412849991e-05	0.946546052632
538	2.60045677368e-05	0.363053380489	7.16273945768e-05	0.946546052632
539	2.5936634864e-05	0.363118171373	7.14275321611e-05	0.946546052632
540	2.58645875549e-05	0.363195833496	7.12138884027e-05	0.946546052632
541	2.57992253524e-05	0.363252347111	7.10228731007e-05	0.946546052632
542	2.57256271221e-05	0.363334607155	7.08042300831e-05	0.946546052632
543	2.56611043974e-05	0.363391888224	7.06155124232e-05	0.946546052632
544	2.55892691355e-05	0.363461260248	7.04043922536e-05	0.946546052632
545	2.5525050462e-05	0.363530239711	7.02143801911e-05	0.946546052632
546	2.54524457296e-05	0.363615940265	6.99981571518e-05	0.946546052632
547	2.5391940153e-05	0.363670298244	6.98213196831e-05	0.946546052632
548	2.53196685487e-05	0.363748730605	6.96075791292e-05	0.946546052632
549	2.5256453013e-05	0.363817285555	6.94207065353e-05	0.946546052632
550	2.51868102284e-05	0.363879628615	6.9217423147e-05	0.946546052632
551	2.51236191305e-05	0.363947624552	6.90308644313e-05	0.946546052632
552	2.50561862376e-05	0.364022190867	6.88314802402e-05	0.946546052632
553	2.4991945662e-05	0.364084813707	6.86431971924e-05	0.946546052632
554	2.49245743941e-05	0.364161021445	6.84438282142e-05	0.946546052632
555	2.48632386126e-05	0.364226641084	6.8263097226e-05	0.946546052632
556	2.47960445782e-05	0.364300825228	6.80647499568e-05	0.946546052632
557	2.47350582551e-05	0.364373886803	6.78837291886e-05	0.946546052632
558	2.46679945334e-05	0.364432711672	6.76887495093e-05	0.946546052632
559	2.46076250097e-05	0.36449451792	6.75116464033e-05	0.946546052632
560	2.45417101717e-05	0.364570532786	6.7316768539e-05	0.946546052632
561	2.44812374489e-05	0.364636754565	6.71386993834e-05	0.946546052632
562	2.44152256003e-05	0.364719634868	6.69424491202e-05	0.946546052632
563	2.43579551732e-05	0.364769870945	6.67762255422e-05	0.946546052632
564	2.42910492641e-05	0.364841069236	6.65798105324e-05	0.946546052632
565	2.42339572456e-05	0.36490424737	6.64118256236e-05	0.946546052632
566	2.41679353701e-05	0.364977166878	6.6217663907e-05	0.946546052632
567	2.41126178592e-05	0.365042523884	6.60542711645e-05	0.946546052632
568	2.40462552102e-05	0.365115909614	6.58592369629e-05	0.946546052632
569	2.39903339973e-05	0.365173085375	6.56957890878e-05	0.946546052632
570	2.39260897546e-05	0.365250985367	6.55058869465e-05	0.946546052632
571	2.38687022825e-05	0.365316934645	6.533697187e-05	0.946546052632
572	2.38076180306e-05	0.365381080233	6.51583218689e-05	0.946546052632
573	2.3750734015e-05	0.36544192004	6.49918159702e-05	0.946546052632
574	2.36879497393e-05	0.365509125037	6.48080940165e-05	0.946546052632
575	2.36321440905e-05	0.36557043247	6.46445718567e-05	0.946546052632
576	2.3571074849e-05	0.365638037073	6.44655983763e-05	0.946546052632
577	2.35151391009e-05	0.365703477667	6.43011087861e-05	0.946546052632
578	2.34533285033e-05	0.365774489796	6.41196397167e-05	0.946546052632
579	2.33999135778e-05	0.365838644849	6.39623886302e-05	0.946546052632
580	2.33393784248e-05	0.365896154147	6.37868918825e-05	0.946546052632
581	2.32839969797e-05	0.365969339171	6.36228079447e-05	0.946546052632
582	2.32251909385e-05	0.366029404598	6.34517081053e-05	0.946546052632
583	2.31684158704e-05	0.366091591282	6.3285845461e-05	0.946546052632
584	2.31140865565e-05	0.366164019653	6.312495307e-05	0.946546052632
585	2.3054689352e-05	0.366231758886	6.29510925598e-05	0.946546052632
586	2.30019551005e-05	0.366297510603	6.27958269839e-05	0.946546052632
587	2.29436781897e-05	0.366356709915	6.26266083539e-05	0.946546052632
588	2.28891260799e-05	0.366415632581	6.24676570664e-05	0.946546052632
589	2.28351826522e-05	0.366491354699	6.23075615823e-05	0.946546052632
590	2.27779160571e-05	0.366545082772	6.21421951288e-05	0.946546052632
591	2.27251734707e-05	0.366601768275	6.19887175602e-05	0.946546052632
592	2.26682909032e-05	0.366682798102	6.18198917991e-05	0.946546052632
593	2.26153919005e-05	0.366746129924	6.16649776377e-05	0.946546052632
594	2.25611516744e-05	0.366819515281	6.15047747859e-05	0.946546052632
595	2.25073618816e-05	0.366881033321	6.13478480418e-05	0.946546052632
596	2.24529199194e-05	0.366935254903	6.11904133477e-05	0.946546052632
597	2.23985578391e-05	0.3670123897	6.10294324325e-05	0.946546052632
598	2.23488573563e-05	0.367060137695	6.08860921174e-05	0.946546052632
599	2.22920274255e-05	0.367129810495	6.07197421409e-05	0.946546052632
600	2.22428451026e-05	0.367191965172	6.05755223761e-05	0.946546052632
601	2.21866940846e-05	0.367266163567	6.04103951999e-05	0.946546052632
602	2.21364549505e-05	0.367317893572	6.02651145992e-05	0.946546052632
603	2.20840740094e-05	0.367389323214	6.01108214475e-05	0.946546052632
604	2.20311691129e-05	0.367453802922	5.99562963771e-05	0.946546052632
605	2.1979318204e-05	0.367517380211	5.98048402266e-05	0.946546052632
606	2.19303462728e-05	0.36756688136	5.96635534507e-05	0.946546052632
607	2.18762438188e-05	0.367643656813	5.95039338048e-05	0.946546052632
608	2.18274292675e-05	0.367702328323	5.93616835854e-05	0.946546052632
609	2.17751461993e-05	0.367757479387	5.92106141133e-05	0.946546052632
610	2.17241356252e-05	0.367830796261	5.90601326642e-05	0.946546052632
611	2.167563735e-05	0.367895457412	5.89179260394e-05	0.946546052632
612	2.16237079438e-05	0.367954558569	5.87673326509e-05	0.946546052632
613	2.15741422748e-05	0.368011121543	5.86236149178e-05	0.946546052632
614	2.15251323872e-05	0.368075126023	5.84802690142e-05	0.946546052632
615	2.14739939409e-05	0.368137227797	5.83314924965e-05	0.946546052632
616	2.14271248717e-05	0.368195757571	5.81949260172e-05	0.946546052632
617	2.13753475743e-05	0.368261416057	5.80439509606e-05	0.946546052632
618	2.13283877435e-05	0.368331056292	5.79054830679e-05	0.946546052632
619	2.12783034716e-05	0.368388784588	5.77604540687e-05	0.946546052632
620	2.12308956193e-05	0.368449793357	5.76222215404e-05	0.946546052632
621	2.11806792182e-05	0.368519360203	5.74750786678e-05	0.946546052632
622	2.11349830514e-05	0.36857569605	5.73423133372e-05	0.946546052632
623	2.10853265794e-05	0.368636082589	5.71982168194e-05	0.946546052632
624	2.10389076754e-05	0.368688267446	5.70642180212e-05	0.946546052632
625	2.09903007717e-05	0.368755748841	5.69219621325e-05	0.946546052632
626	2.09441987817e-05	0.368825733606	5.67861645036e-05	0.946546052632
627	2.08959825434e-05	0.368883944872	5.66464950126e-05	0.946546052632
628	2.08502175462e-05	0.368940394751	5.6513783372e-05	0.946546052632
629	2.08033819992e-05	0.36899743706	5.63781205771e-05	0.946546052632
630	2.07562933956e-05	0.369059532155	5.62410440245e-05	0.946546052632
631	2.07100399948e-05	0.369123079909	5.6106055465e-05	0.946546052632
632	2.06657093018e-05	0.369181629394	5.59770791839e-05	0.946546052632
633	2.06178922407e-05	0.36923650642	5.5839257176e-05	0.946546052632
634	2.05734582494e-05	0.36929808556	5.5709626055e-05	0.946546052632
635	2.05288334896e-05	0.369365397184	5.55786590897e-05	0.946546052632
636	2.04812351046e-05	0.36942718851	5.54405191108e-05	0.946546052632
637	2.04394238577e-05	0.369475900242	5.53200461636e-05	0.946546052632
638	2.03912231525e-05	0.369543045526	5.51795613513e-05	0.946546052632
639	2.03492876363e-05	0.369606192832	5.50566739165e-05	0.946546052632
640	2.0302393748e-05	0.369670046524	5.4920310528e-05	0.946546052632
641	2.02612641291e-05	0.369725707563	5.48007988479e-05	0.946546052632
642	2.02137816568e-05	0.369784988465	5.46636080084e-05	0.946546052632
643	2.01732662389e-05	0.369841185735	5.4545753737e-05	0.946546052632
644	2.01267154932e-05	0.369908057202	5.44100489333e-05	0.946546052632
645	2.00846223896e-05	0.369957945912	5.42889336789e-05	0.946546052632
646	2.00395338496e-05	0.370014660517	5.41587563628e-05	0.946546052632
647	1.99993987464e-05	0.37007116806	5.40420342694e-05	0.946546052632
648	1.99531313544e-05	0.370144420325	5.39063410355e-05	0.946546052632
649	1.99128049674e-05	0.370200044182	5.37893100779e-05	0.946546052632
650	1.98682033285e-05	0.370256603827	5.36606319054e-05	0.946546052632
651	1.98258628584e-05	0.3703200383	5.35371052277e-05	0.946546052632
652	1.97852010021e-05	0.370378600217	5.34188557074e-05	0.946546052632
653	1.97401454242e-05	0.370447462878	5.3287300906e-05	0.946546052632
654	1.97002024974e-05	0.37049030185	5.31733284219e-05	0.946546052632
655	1.96566702245e-05	0.370550185816	5.30472550735e-05	0.946546052632
656	1.96156234227e-05	0.370607983213	5.29282268899e-05	0.946546052632
657	1.95731394856e-05	0.37067406869	5.28041779529e-05	0.946546052632
658	1.95321703857e-05	0.370727603494	5.26860428025e-05	0.946546052632
659	1.94896772471e-05	0.370783686276	5.25634702077e-05	0.946546052632
660	1.94486010521e-05	0.370843471407	5.24442320052e-05	0.946546052632
661	1.94077444231e-05	0.370902637424	5.23257115609e-05	0.946546052632
662	1.93663710244e-05	0.37096336384	5.22056162743e-05	0.946546052632
663	1.93264580385e-05	0.371011428837	5.20912741129e-05	0.946546052632
664	1.92850167661e-05	0.371063995551	5.19722123335e-05	0.946546052632
665	1.92434334499e-05	0.371135081359	5.18502141577e-05	0.946546052632
