# Neural Network with 870551 learnable parameters
## Layer information

  #  name     size
---  -------  --------
  0  input    3x32x32
  1  conv1    32x30x30
  2  pool1    32x15x15
  3  conv2    64x14x14
  4  pool2    64x7x7
  5  conv3    128x6x6
  6  pool3    128x3x3
  7  hidden4  500
  8  hidden5  500
  9  output   3 

1	0.975518648103	0.942031960335	1.03554729476	0.585731907895
2	0.844132500692	0.823375531536	1.02520960165	0.666015625
3	0.752412939026	0.713050609748	1.05520271456	0.738692434211
4	0.652116600631	0.588896617945	1.10735327859	0.783819901316
5	0.559656842921	0.59384443145	0.942430059595	0.762849506579
6	0.562603807754	0.550606206873	1.02178980319	0.764802631579
7	0.458464524068	0.508145431668	0.9022309274	0.837993421053
8	0.444127444063	0.383119158095	1.15924102118	0.854337993421
9	0.392002538356	0.431517166889	0.908428605939	0.855777138158
10	0.38629980656	0.354298323219	1.09032355291	0.878495065789
11	0.320422255446	0.297252013571	1.07794814103	0.899465460526
12	0.310344483133	0.253874757607	1.22243143059	0.917557565789
13	0.270839832617	0.220745400551	1.22693307286	0.918277138158
14	0.324897372005	0.29001410483	1.12028127803	0.892886513158
15	0.260685921209	0.216397343865	1.20466322069	0.932668585526
16	0.258363382035	0.207101151917	1.24752267017	0.928762335526
17	0.223853615416	0.216048255233	1.03612785567	0.931949013158
18	0.241291062151	0.226007957731	1.06762197479	0.927323190789
19	0.199290235879	0.190684197495	1.04513241526	0.950246710526
20	0.176753679731	0.221936211648	0.796416584833	0.936574835526
21	0.179127333759	0.246646142686	0.726252321678	0.919510690789
22	0.245649270172	0.189036672844	1.29947944214	0.944387335526
23	0.17153897675	0.183081605394	0.936953640866	0.941714638158
24	0.148601638152	0.154616153794	0.961100341104	0.950966282895
25	0.146800356933	0.177576124565	0.826689721338	0.928556743421
26	0.157810403568	0.193091468635	0.817283149191	0.924136513158
27	0.183816854338	0.126300183173	1.45539657758	0.960731907895
28	0.143042366674	0.155643547231	0.919038207615	0.953638980263
29	0.142964056857	0.148027676377	0.965792751435	0.964638157895
30	0.133155883082	0.133151788448	1.00003075163	0.960731907895
31	0.117824988908	0.132436433196	0.88967201898	0.961965460526
32	0.145411998677	0.169273096161	0.859037862333	0.936574835526
33	0.259652225013	0.185510184441	1.39966560755	0.948293585526
34	0.152954216245	0.130259401341	1.1742278459	0.958059210526
35	0.124018241601	0.117812504423	1.05267469025	0.969263980263
36	0.116023300939	0.233783595926	0.496285038645	0.927528782895
37	0.156377877165	0.178782564644	0.874681921449	0.928042763158
38	0.107904845201	0.121667951288	0.886879774492	0.956825657895
39	0.0990979411092	0.124341032042	0.796985029651	0.966591282895
40	0.101214827874	0.125688588681	0.80528255537	0.964638157895
41	0.0922857278896	0.125639515734	0.734527885998	0.964638157895
42	0.0899961318651	0.139546196399	0.644919991999	0.962685032895
43	0.0963223800345	0.115726637601	0.832326783456	0.973170230263
44	0.096099412024	0.11029537438	0.87129140786	0.973170230263
45	0.0802733119067	0.122323784486	0.656236334118	0.958778782895
46	0.0960989574628	0.112284290617	0.85585398398	0.967824835526
47	0.0835812515445	0.109447456072	0.763665548241	0.958778782895
48	0.0969547655129	0.107887600422	0.898664583637	0.968544407895
49	0.0768171889318	0.108654675836	0.70698465888	0.972450657895
50	0.0787196865943	0.129947063357	0.60578272845	0.955386513158
51	0.0804523399336	0.089910665882	0.894803070853	0.970497532895
52	0.075602809241	0.133510073352	0.566270449433	0.947574013158
53	0.0804236196164	0.139269301119	0.577468393755	0.947574013158
54	0.0675692366221	0.0940966267313	0.718083516586	0.968544407895
55	0.0626456331177	0.108313438616	0.578373597201	0.971217105263
56	0.0715375829171	0.138409490528	0.516854607616	0.952919407895
57	0.1118625648	0.124606912104	0.897723592622	0.975123355263
58	0.087170889409	0.126144872522	0.691037912726	0.963404605263
59	0.0748857230224	0.105248869397	0.711510949728	0.965357730263
60	0.0630704775501	0.0980814499602	0.643041855271	0.977076480263
61	0.063831217198	0.0883288464647	0.72265426022	0.975123355263
62	0.0667416312443	0.0957766759701	0.696846393637	0.968544407895
63	0.0524560554572	0.11476263902	0.457083035952	0.971217105263
64	0.0702885102776	0.1296689798	0.54206110348	0.949527138158
65	0.0605613896586	0.0986727764413	0.613759862069	0.967310855263
66	0.0792648268284	0.12108269173	0.654633834911	0.946340460526
67	0.0710399714192	0.0895641315932	0.793174345082	0.973170230263
68	0.0523242197442	0.11615635724	0.45046367661	0.960012335526
69	0.0649128933169	0.0893429784045	0.726558420999	0.973170230263
70	0.0602937572381	0.107153277678	0.562687008223	0.972450657895
71	0.0547286577246	0.0979505738989	0.558737489187	0.975123355263
72	0.047008943624	0.0875408354517	0.536994459574	0.975123355263
73	0.0437887595375	0.0894442157651	0.48956502288	0.975123355263
74	0.0630114021462	0.101284912861	0.622120317492	0.979749177632
75	0.0455722552634	0.0877490901663	0.519347325163	0.981702302632
76	0.0576048994711	0.101405967991	0.568062221707	0.973170230263
77	0.0529059349278	0.0974373496155	0.542973871278	0.973170230263
78	0.056283309842	0.104397229832	0.539126468516	0.968544407895
79	0.0570639014511	0.111922110602	0.509853693289	0.966591282895
80	0.0641650292468	0.0806297987858	0.795797958237	0.977076480263
81	0.0546655241022	0.0914163620015	0.597984025019	0.981702302632
82	0.0784578627845	0.120348271487	0.651923470233	0.960731907895
83	0.0537092660642	0.118810235852	0.452059249602	0.958059210526
84	0.0643089769197	0.0894001757997	0.719338372038	0.958778782895
85	0.0672453787592	0.108862695699	0.617708190372	0.970497532895
86	0.0499347048544	0.0931364956374	0.536145412308	0.975123355263
87	0.0501505725455	0.129381731923	0.387617106373	0.960012335526
88	0.0697857853271	0.112351140746	0.621139980101	0.971217105263
89	0.0474990840386	0.0866569712998	0.548127673125	0.973170230263
90	0.0483892364952	0.097468513463	0.496460187767	0.971217105263
91	0.0434614590393	0.083730848157	0.519061492818	0.975123355263
92	0.0537689481011	0.0912093821872	0.589511153477	0.977076480263
93	0.0552124825408	0.0915635661278	0.602996201171	0.975123355263
94	0.044296505904	0.075170238688	0.589282496333	0.977076480263
95	0.0461860268374	0.0729062334866	0.633499011383	0.975123355263
96	0.0396930104504	0.110218038887	0.360131706672	0.963918585526
97	0.0619803115537	0.0831234398795	0.745641802643	0.979029605263
98	0.0745601047462	0.0901928470498	0.826674256163	0.973170230263
99	0.0614040409727	0.0866016274184	0.709040266368	0.973170230263
100	0.058618910813	0.0770673305137	0.760619453434	0.977076480263
101	0.0523771639141	0.0915078641344	0.572378826777	0.967310855263
102	0.0480685257844	0.112037365541	0.429040129176	0.962685032895
103	0.0633644113703	0.0780609510093	0.81172994373	0.981702302632
104	0.0467781564306	0.119389427865	0.391811547029	0.954152960526
105	0.0645235711027	0.0851856301588	0.757446660691	0.975123355263
106	0.0645375985672	0.093285604786	0.691828055521	0.981702302632
107	0.0573392227563	0.0717503068205	0.799149513043	0.983655427632
108	0.0464558663313	0.0797428889287	0.582570646178	0.979749177632
109	0.0518231248836	0.0835742466534	0.62008485818	0.983655427632
110	0.0427108796201	0.0762755651936	0.559954941161	0.983655427632
111	0.0400036428794	0.0828373151701	0.48291814863	0.983655427632
112	0.0414484850013	0.0774709141508	0.535019954981	0.985608552632
113	0.0544690015165	0.0808246069944	0.673916070143	0.981702302632
114	0.0554004369798	0.0648551467809	0.854218049448	0.977796052632
115	0.0461767878461	0.0685518277465	0.673604036013	0.981702302632
116	0.0391451505669	0.102184592308	0.383082710248	0.973170230263
117	0.0546203340014	0.0782204667981	0.698286985967	0.973170230263
118	0.0479998377798	0.0766320399705	0.626367741199	0.977076480263
119	0.0443786029917	0.0769537693113	0.576691738285	0.979749177632
120	0.036386908979	0.0868965786824	0.418738108344	0.975123355263
121	0.0413449318638	0.0832524131388	0.496621422791	0.973170230263
122	0.0360996945416	0.0970345559771	0.372029265019	0.975123355263
123	0.0390963676315	0.10636527542	0.367567022953	0.967310855263
124	0.0365755005101	0.0697901694105	0.524078116145	0.983655427632
125	0.0375877326708	0.0761446331111	0.49363600736	0.983655427632
126	0.0472039404596	0.090671615535	0.520603280101	0.975842927632
127	0.0379300039772	0.0925742857072	0.409725051482	0.970497532895
128	0.0364191503183	0.0760550932059	0.478852221241	0.983655427632
129	0.0333304025628	0.0960472037123	0.347021061255	0.973889802632
130	0.0469303085294	0.101132265594	0.464048820164	0.971217105263
131	0.0458774162389	0.0905663498302	0.506561392006	0.971217105263
132	0.0359469504629	0.0771431546462	0.46597719043	0.983655427632
133	0.0367479928536	0.0854499363999	0.43005289883	0.977076480263
134	0.0375517339203	0.0864069601281	0.434591540596	0.973889802632
135	0.0407325216724	0.103297708627	0.394321638046	0.977796052632
136	0.0356683687653	0.0731735364507	0.48744902181	0.985608552632
137	0.037720041513	0.0821125391426	0.459370053672	0.977796052632
138	0.0390804508232	0.0732073850117	0.533832082883	0.981702302632
139	0.0380682333569	0.0791213547863	0.481137279054	0.981702302632
140	0.0350286112572	0.0835848246447	0.419078599567	0.983655427632
141	0.0398355982115	0.0712940314773	0.558750815266	0.983655427632
142	0.0287509654908	0.0905537435582	0.317501677579	0.981702302632
143	0.0377868775844	0.0799490749603	0.472636832924	0.983655427632
144	0.0416103787508	0.0920448886828	0.452066153224	0.977796052632
145	0.0433610508897	0.121209661762	0.357735928469	0.958778782895
146	0.0312858507355	0.0646045882	0.484266700047	0.983655427632
147	0.0317076818139	0.0776292015098	0.408450443869	0.983655427632
148	0.0340572690381	0.0729345705462	0.466956462252	0.981702302632
149	0.0400372558097	0.0853813046701	0.468922979854	0.975123355263
150	0.0286282817655	0.0893766236806	0.320310620233	0.975123355263
151	0.0252074841351	0.0786631400825	0.320448485894	0.983655427632
152	0.0313365700999	0.0686311580045	0.456593929215	0.981702302632
153	0.0392746365772	0.0762442778542	0.515115857643	0.983655427632
154	0.0322245368939	0.0781841609226	0.412161958556	0.983655427632
155	0.0283362698391	0.0840305008689	0.33721410138	0.975842927632
156	0.0372952458314	0.0730195957489	0.510756673587	0.979749177632
157	0.028452363627	0.089241614843	0.318823944155	0.977076480263
158	0.0252646597925	0.0777407379185	0.324986107271	0.979749177632
159	0.0397852058696	0.0865987942232	0.459419859439	0.983655427632
160	0.0255291751449	0.0751132241252	0.33987590657	0.981702302632
161	0.0265964343733	0.0966578252033	0.275160695136	0.977796052632
162	0.0274510762902	0.0950967389371	0.288664749149	0.977796052632
163	0.0225105494692	0.101368021019	0.222067563743	0.973889802632
164	0.0289387123212	0.0916848854018	0.315632311633	0.975842927632
165	0.0242894561402	0.0869969991237	0.279198781394	0.981702302632
166	0.0193789873509	0.0847569787396	0.228641790199	0.979749177632
167	0.0261686592164	0.0781564399533	0.33482409424	0.979749177632
168	0.0298583063332	0.0679353933651	0.439510317881	0.984375
169	0.0355409343903	0.096272870425	0.36916874124	0.966591282895
170	0.0260474773248	0.0883863421476	0.294700252232	0.975842927632
171	0.0213781212853	0.102800455284	0.207957457252	0.977796052632
172	0.0243346546311	0.071560845733	0.340055436486	0.981702302632
173	0.0301546611869	0.126316580097	0.238722906872	0.952405427632
174	0.0588081344815	0.0934298045413	0.629436556891	0.983655427632
175	0.0411326828523	0.100767908589	0.408192284907	0.975842927632
176	0.0322534721157	0.10362437986	0.311253704575	0.973889802632
177	0.0309461384667	0.0826108623384	0.374601324701	0.975123355263
178	0.0304349357108	0.0722791816287	0.421074713701	0.979749177632
179	0.0354968094748	0.089850098247	0.395067007909	0.977796052632
180	0.0309326392443	0.0732233573645	0.422442241896	0.983655427632
181	0.0197992173359	0.073990694959	0.267590638889	0.981702302632
182	0.016319949714	0.0743099872832	0.219619869558	0.981702302632
183	0.0193227885519	0.0763430064052	0.253104894106	0.983655427632
184	0.020273540862	0.0872751832814	0.232294451868	0.977076480263
185	0.0194885515504	0.068848419872	0.283064616249	0.983655427632
186	0.0180730698636	0.0898693556418	0.201103810465	0.979749177632
187	0.0220359320238	0.0950091811949	0.231934764058	0.981702302632
188	0.0170870568532	0.0894571390402	0.191008308969	0.983655427632
189	0.0227532699463	0.100691180231	0.225970833732	0.975842927632
190	0.0253351715522	0.083223267361	0.304424139494	0.981702302632
191	0.0254717042049	0.0765582436523	0.33271014315	0.981702302632
192	0.0218034343338	0.0693002894385	0.314622558007	0.983655427632
193	0.0241931595992	0.0776185563254	0.311692986118	0.981702302632
194	0.0314307939432	0.0947691296083	0.331656458945	0.983655427632
195	0.0365377495929	0.0845026858428	0.432385660035	0.983655427632
196	0.0286460326562	0.0690848624731	0.4146499194	0.983655427632
197	0.0247014815505	0.0835649849676	0.29559607484	0.981702302632
198	0.0312405252506	0.0744655820537	0.419529726205	0.981702302632
199	0.0246499036991	0.0974361201659	0.252985275452	0.983655427632
200	0.0249138769625	0.0917748127854	0.27146747791	0.983655427632
201	0.0238850311071	0.0726089798774	0.328954230557	0.979749177632
202	0.0210452985165	0.0781573552524	0.269268304288	0.983655427632
203	0.027807380035	0.0772629778696	0.359905621058	0.985608552632
204	0.0184467580777	0.0795613223349	0.231855850762	0.981702302632
205	0.0161467739347	0.105053370681	0.153700674524	0.983655427632
206	0.0247917718023	0.0814872672337	0.304241050705	0.981702302632
207	0.0234268993361	0.0846811942585	0.276648192568	0.985608552632
208	0.0182554089708	0.100167364586	0.182249069308	0.981702302632
209	0.0269509585592	0.0973917319336	0.276727377408	0.975842927632
210	0.0255771264803	0.0747743023254	0.342057708127	0.983655427632
211	0.0198500546383	0.0734485858507	0.27025781924	0.985608552632
212	0.0136388206244	0.0778270305903	0.175245291011	0.983655427632
213	0.0204869033953	0.078271816675	0.26174048675	0.983655427632
214	0.0189827739093	0.0853116414169	0.22251094451	0.981702302632
215	0.0289276533593	0.0840091577877	0.344339285396	0.983655427632
216	0.0301986865594	0.0945568220692	0.31937078572	0.981702302632
217	0.0339891435718	0.0875352654279	0.388290860896	0.981702302632
218	0.0256321107623	0.0870670666746	0.294395019165	0.983655427632
219	0.0176011616696	0.101136580972	0.174033584094	0.977796052632
220	0.0266276363901	0.085645175333	0.310906437947	0.977796052632
221	0.0212764563731	0.0762019800342	0.27921133235	0.983655427632
222	0.0256788185877	0.0857044561715	0.299620576745	0.981702302632
223	0.023466713387	0.0862868789125	0.271961550618	0.979749177632
224	0.0268714287055	0.0854489231379	0.314473579288	0.979749177632
225	0.0211391550263	0.0833234380502	0.253699985514	0.977796052632
226	0.0149253152403	0.0821128865543	0.181765808834	0.981702302632
227	0.0203561368096	0.0822046500879	0.247627558633	0.979749177632
228	0.0231906001302	0.0635166362693	0.365110646475	0.981702302632
229	0.0201336115862	0.0684530403551	0.294122970751	0.983655427632
230	0.0153671008333	0.0780831527039	0.196804307987	0.983655427632
231	0.0222414993684	0.0757906032803	0.293459853936	0.985608552632
232	0.0187966495243	0.0791335339139	0.23753077355	0.979749177632
233	0.017644914607	0.0878384766375	0.200879105404	0.977796052632
234	0.0139320001446	0.0735698983714	0.189370930951	0.981702302632
235	0.0249065941931	0.0783313214257	0.317964688196	0.985608552632
236	0.020205915382	0.0809977645287	0.249462630229	0.983655427632
237	0.0124771421417	0.0958939623867	0.130113949108	0.981702302632
238	0.00939971653526	0.0828450715296	0.113461384748	0.983655427632
239	0.0146359368598	0.0767830874819	0.190614070621	0.977076480263
240	0.0165782608029	0.0769448167432	0.215456498626	0.979749177632
241	0.0185857067112	0.0934685536631	0.19884448815	0.981702302632
242	0.0222355584365	0.0728486588722	0.305229482336	0.983655427632
243	0.0135564536208	0.0919541358362	0.147426252202	0.983655427632
244	0.0119266368007	0.0808261493511	0.147559136448	0.983655427632
245	0.018822051012	0.0819549384638	0.229663414613	0.981702302632
246	0.0120699860983	0.0717593209517	0.16820095199	0.985608552632
247	0.0141442707766	0.0808616221353	0.174919453791	0.983655427632
248	0.00970352720382	0.0730300976946	0.13287024816	0.983655427632
249	0.0126647066573	0.0801641830362	0.157984603318	0.981702302632
250	0.0142146364731	0.0813273315146	0.174783018309	0.983655427632
251	0.0206687929194	0.0872886749285	0.236786650002	0.983655427632
252	0.0149357782806	0.081509739915	0.18323918462	0.983655427632
253	0.0149045204439	0.0799649601599	0.186388143183	0.983655427632
254	0.0144729350562	0.103660823505	0.139618175574	0.975123355263
255	0.024554762165	0.0903871595961	0.271662062119	0.983655427632
256	0.0156760447628	0.0898031762659	0.174560025766	0.985608552632
257	0.0137820680912	0.0832940778311	0.16546276098	0.981702302632
258	0.0182637863188	0.0884970120011	0.206377434739	0.983655427632
259	0.0230806650299	0.0931431158972	0.247797862543	0.981702302632
260	0.0133854206387	0.0775646185931	0.172571217153	0.985608552632
261	0.019417682181	0.0865137567258	0.224446179612	0.979749177632
262	0.00957621538131	0.093917794193	0.101963802106	0.983655427632
263	0.0191330537671	0.112420428742	0.17019196583	0.981702302632
264	0.0182825085859	0.10135656768	0.180378134387	0.983655427632
265	0.019542559704	0.103860085122	0.188162369414	0.983655427632
266	0.0147095820171	0.094358855822	0.155889787863	0.983655427632
267	0.0139046044864	0.106099539663	0.131052448772	0.983655427632
268	0.0108900890305	0.0974945849939	0.111699424446	0.979749177632
269	0.0199810180911	0.0885896160276	0.225545825652	0.981702302632
270	0.022329545375	0.109323151646	0.204252667791	0.983655427632
271	0.022355912734	0.11697103096	0.191123499132	0.975123355263
272	0.016601571628	0.100983714539	0.16439850429	0.981702302632
273	0.0174182347974	0.0902647678875	0.192968255556	0.981702302632
274	0.0296893026152	0.0721229783243	0.411648316597	0.983655427632
275	0.021090299648	0.0873643043874	0.241406370667	0.981702302632
276	0.0174426444599	0.0883106399216	0.19751464235	0.981702302632
277	0.0224538572394	0.102099625721	0.219921053391	0.977796052632
278	0.0172444309706	0.081822355774	0.210754515773	0.983655427632
279	0.0271830070483	0.0887381060037	0.306328456539	0.975842927632
280	0.02078915779	0.0881666805901	0.235793812933	0.981702302632
281	0.0108638436822	0.0852953800991	0.127367316607	0.981702302632
282	0.00652451160305	0.086606214514	0.0753353744839	0.981702302632
283	0.026848788696	0.0911986535808	0.294398959215	0.981702302632
284	0.0311179108242	0.13513757116	0.230268389147	0.975842927632
285	0.0187162055975	0.0809457958956	0.23121899526	0.983655427632
286	0.00881116386029	0.078722936903	0.111926259448	0.983655427632
287	0.0150151989543	0.0766382473785	0.195923047145	0.985608552632
288	0.0106685712332	0.0692254229462	0.154113485757	0.979749177632
289	0.0102092719739	0.0646224060511	0.157983470405	0.983655427632
290	0.00675393093448	0.079486506644	0.0849695277808	0.985608552632
291	0.0125205573674	0.0950131227872	0.131777137727	0.981702302632
292	0.0166086711957	0.103327825221	0.160737644096	0.981702302632
293	0.00895768857451	0.089714486385	0.0998466238336	0.981702302632
294	0.0124222913815	0.100296698803	0.123855436219	0.977796052632
295	0.0104723667589	0.100464302241	0.104239680417	0.981702302632
296	0.00628862776613	0.0881311694863	0.071355319608	0.983655427632
297	0.00646391488329	0.0915338645234	0.0706177425911	0.985608552632
298	0.00608433124013	0.0986354371837	0.061685043569	0.983655427632
299	0.00846357769272	0.0846001295538	0.100042136311	0.983655427632
300	0.0128592245189	0.117790882146	0.109169948341	0.983655427632
301	0.0172104404016	0.105125212995	0.163713726814	0.977796052632
302	0.0190405752199	0.110906390528	0.171681497605	0.977076480263
303	0.00931641344174	0.0930979093377	0.100071134873	0.983655427632
304	0.013828666707	0.100039251999	0.138232408086	0.983655427632
305	0.0125653364089	0.0907321316231	0.138488275147	0.981702302632
306	0.00870904176103	0.0835677940348	0.104215288457	0.981702302632
307	0.00858296690701	0.0698676340524	0.122846107835	0.983655427632
308	0.0158100158427	0.0805878389433	0.196183643215	0.983655427632
309	0.0119349670446	0.0883997899737	0.135011260187	0.985608552632
310	0.00725401852728	0.0795224312414	0.0912197780431	0.983655427632
311	0.00610355906757	0.0902164346264	0.0676546251561	0.983655427632
312	0.015919251402	0.0914810349862	0.17401695777	0.977796052632
313	0.0135132770169	0.0822280954824	0.164338927438	0.985608552632
314	0.00734496017005	0.0947876517028	0.0774885761817	0.985608552632
315	0.0132002881202	0.07184228301	0.183739819605	0.983655427632
316	0.00530747521506	0.0765316581689	0.0693500616875	0.985608552632
317	0.0125375845327	0.0833351845387	0.150447672278	0.985608552632
318	0.0145307182683	0.0841772454653	0.172620500801	0.981702302632
319	0.00975035046504	0.09129269767	0.106803180472	0.979749177632
320	0.0130422291435	0.0880059164066	0.14819718578	0.981702302632
321	0.0175427896046	0.132129082206	0.132770085977	0.971217105263
322	0.0243282746856	0.109908532596	0.221350191027	0.981702302632
323	0.00994778410095	0.0854915356132	0.116359871531	0.983655427632
324	0.0105830052967	0.0776687633511	0.136258192355	0.983655427632
325	0.00600214251504	0.0728503949214	0.0823899791005	0.983655427632
326	0.00871973762852	0.0987827325285	0.0882718811813	0.983655427632
327	0.00740295279259	0.0952667533932	0.077707621273	0.983655427632
328	0.010697156754	0.0825003687114	0.12966192662	0.981702302632
329	0.0126446584058	0.0997112117384	0.126812804552	0.981702302632
330	0.00895562866403	0.0864571652479	0.103584574377	0.983655427632
331	0.00863025407451	0.0899732927686	0.095920175965	0.983655427632
332	0.0137144415214	0.0893283159236	0.15352849071	0.983655427632
333	0.0112110134329	0.127106474887	0.0882017493037	0.983655427632
334	0.0123925290033	0.0889979690443	0.139245076449	0.981702302632
335	0.00893691135016	0.0742195743746	0.120411783892	0.981702302632
336	0.0146505591172	0.0789224728989	0.185632286712	0.983655427632
337	0.0103023951685	0.0779509715852	0.132165064258	0.985608552632
338	0.0123144392461	0.094491491345	0.130323260548	0.983655427632
339	0.0105693501754	0.0819605580586	0.128956542339	0.983655427632
340	0.00771060352423	0.0874875351342	0.0881337382795	0.983655427632
341	0.00616382717214	0.0922870205752	0.0667897515135	0.983655427632
342	0.0281102740947	0.0968477729105	0.290252147777	0.985608552632
343	0.0565458020877	0.0756348103856	0.747616101626	0.979749177632
344	0.00986527343966	0.0624547609816	0.157958709386	0.983655427632
345	0.00926782289122	0.0758966751501	0.122111052597	0.983655427632
346	0.00721010896678	0.077459327241	0.0930825147029	0.981702302632
347	0.00736402585646	0.0761982068946	0.0966430334331	0.983655427632
348	0.0110735644989	0.0671506555641	0.164906275388	0.983655427632
349	0.00692675010362	0.066927604036	0.103496161313	0.983655427632
350	0.0122937181115	0.0839961805047	0.146360442077	0.983655427632
351	0.0104730477896	0.0727569248662	0.143945718003	0.981702302632
352	0.00837399627341	0.114030146384	0.0734366879195	0.975842927632
353	0.0176008666099	0.0685573147983	0.256732146843	0.983655427632
354	0.0131609456191	0.0895740288677	0.146928141845	0.983655427632
355	0.00981999169632	0.0738720057281	0.132932517529	0.979749177632
356	0.00795196258651	0.0970796034427	0.0819117745079	0.979749177632
357	0.00756284360475	0.0888431411271	0.085125801596	0.983655427632
358	0.0131381008776	0.076035104285	0.172789936979	0.981702302632
359	0.0102528971499	0.0699705425492	0.146531622828	0.985608552632
360	0.0115911968963	0.0989302847604	0.117165304076	0.983655427632
361	0.0132378661662	0.118785954094	0.111443025964	0.981702302632
362	0.0125071985733	0.0970122704061	0.128923882731	0.977796052632
363	0.0064868024526	0.097624006197	0.0664467962881	0.981702302632
364	0.00573124711414	0.0931011967563	0.0615593280626	0.981702302632
365	0.00705878452327	0.10040779624	0.0703011597466	0.981702302632
366	0.00391530539533	0.099850573338	0.0392116466079	0.981702302632
367	0.00833711208573	0.103108290929	0.0808578244354	0.981702302632
368	0.00609334243736	0.0937985852912	0.0649619865635	0.981702302632
369	0.0057285855665	0.0915070972812	0.0626026366993	0.981702302632
370	0.00631980506605	0.110233789733	0.0573309244049	0.981702302632
371	0.00807938079143	0.100609747177	0.0803041555922	0.983655427632
372	0.0195027968616	0.131874005999	0.147889621717	0.973170230263
373	0.0207837009612	0.088492576483	0.234863779395	0.981702302632
374	0.0130375533873	0.116639624218	0.111776366519	0.973889802632
375	0.020925698301	0.146013179835	0.143313763352	0.977796052632
376	0.0151506868903	0.121944424289	0.124242555399	0.981702302632
377	0.00782126826356	0.115465268136	0.0677369774462	0.983655427632
378	0.00666305937737	0.109916865301	0.0606190811496	0.981702302632
379	0.00827961915328	0.119493743431	0.0692891436448	0.975123355263
380	0.00503526713013	0.114278705688	0.0440612894574	0.981702302632
381	0.00617016369251	0.11224696297	0.0549695379659	0.983655427632
382	0.00522280108156	0.0941246551071	0.055488129817	0.983655427632
383	0.00792141162759	0.0898537077432	0.0881589844932	0.983655427632
384	0.00487749530589	0.0957491538293	0.0509403489308	0.981702302632
385	0.010154854598	0.0902531640752	0.112515219849	0.981702302632
386	0.00307901975205	0.0996667681502	0.0308931433134	0.981702302632
387	0.0056416127688	0.101631870591	0.0555102718859	0.983655427632
388	0.00557444035416	0.11270330065	0.0494611987582	0.981702302632
389	0.00473152596266	0.104609545319	0.0452303463151	0.979749177632
390	0.00668466133751	0.0988601408062	0.0676173560244	0.983655427632
391	0.00933431360886	0.0989539860037	0.0943298394116	0.981702302632
392	0.0132730506569	0.10816012948	0.122716667599	0.983655427632
393	0.0123064722699	0.122899019326	0.100134828881	0.983655427632
394	0.0205754382636	0.112975629162	0.182122803089	0.975842927632
395	0.0171154825552	0.132435732671	0.129236137483	0.983655427632
396	0.0110774520971	0.10628944216	0.104219684213	0.983655427632
397	0.00612809941403	0.106084572461	0.0577661696879	0.983655427632
398	0.00738747732639	0.106149740837	0.0695948691739	0.981702302632
399	0.00455751387324	0.101801920391	0.0447684469579	0.983655427632
400	0.0056374226454	0.0948738557693	0.0594201911548	0.983655427632
401	0.00490824084837	0.100976342139	0.0486078297588	0.981702302632
402	0.00439895059607	0.109241063549	0.040268287887	0.981702302632
403	0.00830157817823	0.11470885633	0.072370856478	0.983655427632
404	0.00568781797198	0.101774704606	0.0558863618813	0.983655427632
405	0.00855581121679	0.10132830113	0.0844365406446	0.983655427632
406	0.0112333234287	0.135281459846	0.0830366810165	0.977796052632
407	0.0157184648916	0.122828028649	0.12797131945	0.981702302632
408	0.0121788493786	0.113250218321	0.10753930155	0.981702302632
409	0.0062740486756	0.119747644399	0.0523939214597	0.979749177632
410	0.00440950679361	0.0991277152053	0.0444830871415	0.983655427632
411	0.00331673040184	0.0874203613763	0.0379400216336	0.983655427632
412	0.00211873323538	0.0986642268508	0.0214741786664	0.983655427632
413	0.00181034214336	0.106303707767	0.0170299059307	0.983655427632
414	0.00618559181992	0.110715562653	0.0558692172241	0.983655427632
415	0.00402142447918	0.121213395086	0.0331764032871	0.983655427632
416	0.00309569641254	0.120312199302	0.0257305279973	0.983655427632
417	0.00718813101632	0.129795187455	0.055380566547	0.981702302632
418	0.00537780668577	0.12419033771	0.0433029395436	0.983655427632
419	0.0064195128804	0.117302732349	0.0547260302625	0.983655427632
420	0.00774308322263	0.116409840159	0.0665157104595	0.983655427632
421	0.00633949295107	0.119667996151	0.052975675661	0.981702302632
422	0.00428613774639	0.132544047197	0.032337459411	0.981702302632
423	0.00285345793872	0.114290784031	0.0249666494364	0.983655427632
424	0.00756346036134	0.115494734818	0.0654874906054	0.983655427632
425	0.00467342099107	0.0974594722816	0.04795245533	0.983655427632
426	0.00827292008961	0.116996430133	0.0707108762223	0.983655427632
427	0.00797264856107	0.175679345812	0.045381820636	0.977796052632
428	0.0397703627864	0.163588997558	0.243111476812	0.961451480263
429	0.0302575122049	0.124410376029	0.243207304492	0.977796052632
430	0.0202161280425	0.104615708616	0.193241801923	0.981702302632
431	0.0141858872811	0.122564962284	0.115741783106	0.977796052632
432	0.0131145799715	0.104800154357	0.125138937552	0.977796052632
433	0.00826295279311	0.106067893411	0.077902487995	0.981702302632
434	0.00661161114254	0.105475719542	0.0626837263711	0.981702302632
435	0.0063843796176	0.111187491023	0.0574199449853	0.979749177632
436	0.00922960750264	0.110109494256	0.0838220860516	0.981702302632
437	0.0084252529813	0.116503761892	0.0723174328835	0.979749177632
438	0.00545075319893	0.112334294299	0.0485226104185	0.983655427632
439	0.00314057435696	0.107300481046	0.0292689681012	0.981702302632
440	0.00291475365586	0.109464795945	0.0266273154826	0.981702302632
441	0.00369164714706	0.111059886639	0.0332401487051	0.981702302632
442	0.0038735776711	0.104421566806	0.0370955712461	0.979749177632
443	0.0067790791495	0.111447140141	0.0608277533271	0.985608552632
444	0.0038208487809	0.122970269613	0.0310713214903	0.979749177632
445	0.00459459356041	0.105127245122	0.0437050695574	0.983655427632
446	0.00227025024321	0.092139038316	0.0246393959032	0.983655427632
447	0.0038803825578	0.109198136733	0.0355352451414	0.983655427632
448	0.00963418310666	0.101258770581	0.0951441840676	0.979749177632
449	0.00463040869424	0.113912462451	0.040648833276	0.975123355263
450	0.00273160993264	0.111471242265	0.0245050640608	0.983655427632
451	0.00753927728887	0.102833322334	0.0733155082197	0.981702302632
452	0.0034565490897	0.0938463070002	0.0368320203553	0.983655427632
453	0.0067667259585	0.101693731698	0.0665402463406	0.983655427632
454	0.00390087532197	0.0984113068678	0.0396384871426	0.983655427632
455	0.00334105658497	0.0912374903973	0.0366193389408	0.981702302632
456	0.00395358909502	0.0986567821874	0.040074174399	0.983655427632
457	0.00830600099584	0.102071822979	0.081374083008	0.981702302632
458	0.0093804203134	0.098003908614	0.0957147571567	0.981702302632
459	0.00273228050204	0.0997741468663	0.0273846541199	0.981702302632
460	0.00540808847337	0.107789536663	0.0501726664834	0.983655427632
461	0.00344173630402	0.105525686432	0.0326151520108	0.981702302632
462	0.0125013175137	0.101329297969	0.123373177987	0.979749177632
463	0.00972790089029	0.118028542127	0.082419902127	0.977796052632
464	0.0142563261275	0.106682619724	0.133633071295	0.983655427632
465	0.00418440185806	0.0917300370414	0.0456164849925	0.983655427632
466	0.00643037305663	0.107006574033	0.0600932523513	0.985608552632
467	0.00530597785055	0.129612013193	0.0409373924518	0.983655427632
468	0.00551549932233	0.112080252136	0.0492102686889	0.981702302632
469	0.00317391249715	0.104977215404	0.0302342987945	0.981702302632
470	0.011576606592	0.109472576538	0.105748918661	0.981702302632
471	0.00867757295714	0.10557906288	0.0821902820539	0.985608552632
472	0.00644659865142	0.0896538852938	0.0719054018719	0.983655427632
473	0.00531986584874	0.108112806916	0.0492066203857	0.983655427632
474	0.00578544095667	0.107334255569	0.0539011606874	0.985608552632
475	0.00567029993403	0.118448855584	0.0478712935306	0.981702302632
476	0.00518720057075	0.111387973701	0.0465687667921	0.981702302632
477	0.00523862130216	0.111152511344	0.0471300309712	0.981702302632
478	0.00442681534299	0.100926802025	0.0438616428358	0.981702302632
479	0.00162372932069	0.102314201642	0.0158700287412	0.985608552632
480	0.00238961301327	0.115691562709	0.0206550327208	0.985608552632
481	0.00320144323504	0.0966760958478	0.0331151481342	0.981702302632
482	0.00464078470139	0.0882199968179	0.0526046799907	0.983655427632
483	0.00280591802125	0.098591876269	0.0284599312584	0.983655427632
484	0.00468976527402	0.105752536023	0.0443465986765	0.981702302632
485	0.00267768738162	0.111380351883	0.0240409312445	0.981702302632
486	0.00552333497408	0.0978074279874	0.0564715286736	0.981702302632
487	0.00649963073901	0.0842991276002	0.0771019929155	0.981702302632
488	0.00523290535522	0.113795439608	0.0459851938991	0.983655427632
489	0.0124673519163	0.124056450167	0.100497409845	0.979749177632
490	0.00622829622434	0.117982174393	0.052790146108	0.979749177632
491	0.00691437532803	0.104197301272	0.0663584876349	0.981702302632
492	0.00600291725101	0.137554973048	0.0436401325084	0.983655427632
493	0.0138382540838	0.113254609331	0.122187115965	0.985608552632
494	0.0055193937673	0.147846531723	0.0373319123755	0.981702302632
495	0.00582559768828	0.162357259394	0.0358813502397	0.983655427632
496	0.00370131553132	0.167235519206	0.022132352917	0.979749177632
497	0.00563352175741	0.150228479126	0.037499692403	0.979749177632
498	0.0243571961061	0.136327633975	0.178666609226	0.981702302632
499	0.0328582076049	0.17461697298	0.188173045519	0.979749177632
500	0.0289245130893	0.0924992474091	0.312699982968	0.983655427632
501	0.00719548894298	0.0951631813821	0.075612110046	0.983655427632
502	0.00546080338428	0.0833937028503	0.0654822030636	0.983655427632
503	0.0060378289309	0.0669543876877	0.0901782413285	0.983655427632
504	0.00574782438031	0.082757393433	0.0694539078851	0.985608552632
505	0.00383476117801	0.092341036592	0.0415282448577	0.983655427632
506	0.00768676030018	0.109800072114	0.0700068784309	0.983655427632
507	0.00216040064544	0.10725296838	0.0201430382588	0.983655427632
508	0.00724429455881	0.111594654248	0.0649161432295	0.979749177632
509	0.00335945022048	0.0926440076451	0.0362619267654	0.983655427632
510	0.00484136496935	0.0895678071365	0.0540525119921	0.983655427632
511	0.0045023531041	0.087227161059	0.0516164122441	0.983655427632
512	0.00412126501221	0.091866278859	0.0448615646938	0.985608552632
513	0.00424927142031	0.0942932297894	0.0450644381341	0.985608552632
514	0.00309323971227	0.0998039200401	0.0309931685151	0.983655427632
515	0.00204165732883	0.0889235474535	0.0229596927618	0.983655427632
516	0.0028346371621	0.0898399170153	0.0315520901651	0.983655427632
517	0.00150170714144	0.0996684482616	0.0150670264024	0.983655427632
518	0.00196306896597	0.10725416254	0.0183029629758	0.983655427632
519	0.00538722226092	0.0972845746511	0.0553759142212	0.985608552632
520	0.00620952806313	0.0989219006046	0.0627720254582	0.985608552632
521	0.00201023148871	0.106703738796	0.0188393725598	0.983655427632
522	0.0025607712817	0.101118575104	0.0253244399367	0.985608552632
523	0.00223062471636	0.0962348052501	0.0231789809369	0.983655427632
524	0.00625810092713	0.107392065461	0.0582734013007	0.983655427632
525	0.0080087162362	0.10975982687	0.0729658242415	0.985608552632
526	0.0039850749729	0.127366798534	0.0312881772863	0.983655427632
527	0.00251423663604	0.112211587519	0.0224062121536	0.983655427632
528	0.00117250800721	0.108537921131	0.0108027498131	0.983655427632
529	0.000984013137379	0.112263117115	0.00876523975699	0.983655427632
530	0.00108228451367	0.112954069626	0.00958163364332	0.983655427632
531	0.00273058476733	0.117717477724	0.0231960862577	0.983655427632
532	0.00822555291628	0.10777298696	0.0763229557639	0.983655427632
533	0.0023042460891	0.100257907878	0.0229831854451	0.981702302632
534	0.0031058377559	0.0996351015163	0.0311721241674	0.985608552632
535	0.00326882003319	0.105862842518	0.030877878918	0.983655427632
536	0.00359667827206	0.111254425882	0.0323284062054	0.983655427632
537	0.00205671237994	0.117151976769	0.0175559340667	0.983655427632
538	0.00291375784619	0.136122781047	0.021405365243	0.985608552632
539	0.00601189970758	0.122915202524	0.0489109531135	0.981702302632
540	0.00809496272441	0.137154045675	0.0590209547564	0.981702302632
541	0.00461195364664	0.13443464373	0.0343062883099	0.979749177632
542	0.00429963538499	0.11623551226	0.036990720834	0.979749177632
543	0.00177229211174	0.111644250687	0.0158744592833	0.981702302632
544	0.00374338736103	0.129449267064	0.0289177949473	0.985608552632
545	0.0109236999387	0.128621566849	0.0849289913524	0.981702302632
546	0.0033536346586	0.122254178993	0.0274316566209	0.979749177632
547	0.00291349886404	0.142694068202	0.0204177994275	0.979749177632
548	0.00625198253846	0.127384963211	0.049079439055	0.977796052632
549	0.00862769835771	0.117170697374	0.073633583746	0.983655427632
550	0.00155756737184	0.115371940412	0.0135004002384	0.979749177632
551	0.0037548390786	0.124186761952	0.0302354213893	0.983655427632
552	0.00675529744609	0.117239459602	0.0576196569739	0.983655427632
553	0.00766842465925	0.101770652626	0.0753500587978	0.985608552632
554	0.0056671656768	0.0974101217617	0.0581784066615	0.983655427632
555	0.00334206387652	0.125325631043	0.0266670420783	0.983655427632
556	0.0136977950194	0.090411646485	0.151504762406	0.983655427632
557	0.0028719131945	0.100604449576	0.0285465822497	0.983655427632
558	0.00846862758857	0.0878455056134	0.0964036524059	0.985608552632
559	0.00607324466384	0.121305468072	0.0500657122912	0.979749177632
560	0.0153339777724	0.108021789239	0.141952636411	0.983655427632
561	0.0205191128992	0.111978880852	0.183240917779	0.983655427632
562	0.010925025924	0.132990388837	0.0821489885063	0.983655427632
563	0.00305462991268	0.132701134003	0.0230188681929	0.981702302632
564	0.00216982506118	0.123844471684	0.0175205645572	0.981702302632
565	0.00325522627351	0.119324948428	0.0272803493016	0.983655427632
566	0.00134158149324	0.116130810972	0.0115523303593	0.985608552632
567	0.00327699129805	0.0974983332317	0.0336107417371	0.985608552632
568	0.0054412207637	0.0934073186159	0.0582526170789	0.983655427632
569	0.00254004586265	0.101286149127	0.0250779191879	0.983655427632
570	0.00212911259664	0.117820495151	0.0180708169145	0.983655427632
571	0.00877669833204	0.126909263175	0.069157271207	0.983655427632
572	0.00505169462181	0.121500823079	0.0415774518543	0.983655427632
573	0.00819474814558	0.120091603018	0.0682374782218	0.979749177632
574	0.00759073713484	0.105913761066	0.0716690358122	0.979029605263
575	0.00368496230624	0.108934177863	0.0338274210952	0.983655427632
576	0.00716757151885	0.106625693147	0.0672218046822	0.981702302632
577	0.00237191850045	0.108602856579	0.0218402956898	0.983655427632
578	0.00234187172153	0.100166040849	0.0233798970358	0.985608552632
579	0.00118672318249	0.0988434448927	0.0120060888588	0.985608552632
580	0.00177024588601	0.0983889754689	0.0179923195417	0.985608552632
581	0.00564408345606	0.093731554872	0.0602154041269	0.981702302632
582	0.00850549603936	0.116879708465	0.0727713659714	0.983655427632
583	0.00702998792664	0.14112829865	0.0498127448136	0.975123355263
584	0.00736185804798	0.132679014111	0.0554862281523	0.977076480263
585	0.00859669806599	0.103537691783	0.0830296476378	0.981702302632
586	0.00332127704539	0.092329657133	0.0359719417197	0.983655427632
587	0.00165465817793	0.104512351609	0.0158321782303	0.983655427632
588	0.00350932126421	0.125191207233	0.0280316912167	0.983655427632
589	0.00962604962112	0.0976991550632	0.0985274602927	0.983655427632
590	0.00197018006718	0.108311557939	0.0181899337861	0.981702302632
591	0.00238288857255	0.121296976709	0.0196450780324	0.983655427632
592	0.00336018506458	0.122302975479	0.0274742707725	0.985608552632
593	0.00288477600827	0.141388075563	0.020403248271	0.983655427632
594	0.00716773879551	0.111776681131	0.0641255288937	0.985608552632
595	0.00382864361616	0.105017774619	0.0364571010009	0.983655427632
596	0.00246546632507	0.113676203343	0.0216884999022	0.983655427632
597	0.000980577109048	0.1203743499	0.00814606359131	0.983655427632
598	0.00215388603969	0.120740706906	0.0178389384566	0.983655427632
599	0.00553173274602	0.116413585517	0.0475179311888	0.983655427632
600	0.00646697814382	0.110024844726	0.0587774348599	0.983655427632
601	0.00452868247803	0.124529059651	0.0363664713339	0.983655427632
602	0.00345047072619	0.104923997993	0.0328854293794	0.983655427632
603	0.00226090235649	0.118433059682	0.0190901287408	0.983655427632
604	0.00161342001858	0.121227784895	0.0133089952933	0.985608552632
605	0.00601240222204	0.122101362887	0.0492410738085	0.983655427632
606	0.00214765805776	0.115456928422	0.0186013787748	0.983655427632
607	0.0111881295836	0.103020457539	0.108601047315	0.985608552632
608	0.00257581128461	0.109241165797	0.0235791266581	0.983655427632
609	0.00192256021351	0.11535123229	0.0166670106192	0.983655427632
610	0.00274076303874	0.107477795175	0.0255007374711	0.985608552632
611	0.000969467295723	0.104735939042	0.00925630022118	0.985608552632
612	0.0030343351687	0.115796011343	0.0262041423838	0.981702302632
613	0.00571604105694	0.0982055916925	0.0582048431095	0.983655427632
614	0.00338246557327	0.107825643308	0.0313697694676	0.979749177632
615	0.001765768552	0.116281381316	0.0151853076736	0.979749177632
616	0.00422807531815	0.136635721354	0.0309441431292	0.979749177632
617	0.0114200783232	0.15279188425	0.0747427023318	0.981702302632
618	0.00400133508547	0.140489099323	0.0284814630086	0.981702302632
619	0.00449163754123	0.125294908348	0.0358485240977	0.983655427632
620	0.00309452931898	0.133264258268	0.023220999833	0.981702302632
621	0.0010499488663	0.133424382625	0.00786924282983	0.981702302632
622	0.00392523751221	0.119613862761	0.0328159079692	0.983655427632
623	0.00274433332356	0.153590079789	0.0178679074021	0.981702302632
624	0.00193851413556	0.157236317215	0.0123286666204	0.983655427632
625	0.00405405927825	0.151008194912	0.0268466176992	0.981702302632
626	0.00568870707219	0.129492683089	0.0439307220801	0.983655427632
627	0.00250632338436	0.135934772788	0.0184376913498	0.983655427632
628	0.00375344183748	0.14453927761	0.0259683173982	0.975123355263
629	0.0086004563982	0.121050614493	0.0710484323787	0.983655427632
630	0.00183473892722	0.112443209492	0.0163170273733	0.985608552632
631	0.00167370290934	0.119191089	0.014042181537	0.985608552632
632	0.00172132333903	0.13088494462	0.0131514235196	0.985608552632
633	0.00115745031632	0.1409294223	0.00821297850679	0.985608552632
634	0.00224376373056	0.141449795028	0.0158626156377	0.983655427632
635	0.00339892063234	0.129013535201	0.0263454576843	0.985608552632
636	0.00129046479043	0.136493892285	0.00945437754634	0.985608552632
637	0.000667905485224	0.135420383172	0.00493208976063	0.985608552632
638	0.0170163757551	0.162447420394	0.104750052133	0.979749177632
639	0.00622712458225	0.142004381173	0.0438516370468	0.975842927632
640	0.00357154894076	0.153471666105	0.0232717154338	0.979749177632
641	0.00397450240633	0.161814830942	0.024562040347	0.977796052632
642	0.00718573651607	0.142904570922	0.0502834616817	0.981702302632
643	0.00369191357634	0.140495059188	0.0262778890422	0.981702302632
644	0.00143888856788	0.138174958034	0.0104135263607	0.983655427632
645	0.00113741562624	0.137986138219	0.00824297020645	0.981702302632
646	0.00200707207876	0.124288984115	0.0161484309575	0.981702302632
647	0.00161745069651	0.130251285578	0.0124179250081	0.983655427632
648	0.00303845064048	0.13943323855	0.0217914370495	0.983655427632
649	0.00198158948278	0.140499914429	0.014103848325	0.979749177632
650	0.00550055853368	0.136370307406	0.0403354559969	0.983655427632
651	0.00127347356682	0.130387999372	0.00976680041834	0.981702302632
652	0.000703984560432	0.140980368039	0.00499349356384	0.983655427632
653	0.00327007345979	0.138641166731	0.0235865979556	0.983655427632
654	0.00159521953205	0.12589939464	0.012670589375	0.985608552632
655	0.00114914178674	0.142086405725	0.0080876265458	0.981702302632
656	0.00209785180951	0.139368670141	0.0150525351744	0.981702302632
657	0.00232341012461	0.12140805466	0.0191371991843	0.985608552632
658	0.00153563011017	0.125477139326	0.0122383257892	0.983655427632
659	0.00215090687239	0.12355556936	0.0174084169862	0.983655427632
660	0.00228598062349	0.131283169262	0.0174125947472	0.981702302632
661	0.00372164891682	0.121679676678	0.0305856246368	0.983655427632
662	0.00126082091875	0.137615774306	0.00916189241467	0.985608552632
663	0.00360711163452	0.129143498953	0.0279310353502	0.983655427632
664	0.00185501554383	0.125034300541	0.0148360532734	0.981702302632
665	0.00371459891787	0.133282817362	0.0278700510043	0.983655427632
666	0.00205275495692	0.159609644148	0.0128610960063	0.985608552632
667	0.00385883753233	0.152168910626	0.0253589088366	0.983655427632
668	0.00490915026588	0.130219194894	0.0376991293017	0.981702302632
669	0.00379176015772	0.131994138491	0.0287267313616	0.983655427632
670	0.00167932957211	0.145258722888	0.0115609550925	0.981702302632
671	0.00124521510034	0.16342993639	0.00761925953007	0.981702302632
672	0.00425353297167	0.132192010634	0.0321769292355	0.985608552632
673	0.00284208290284	0.130187470081	0.0218306946211	0.983655427632
674	0.00096149646431	0.129118364027	0.00744662830541	0.983655427632
675	0.00122596324951	0.132550075406	0.00924905735252	0.983655427632
676	0.000957230834602	0.138492392685	0.00691179360861	0.985608552632
677	0.00100650620774	0.14355960491	0.00701106838775	0.983655427632
678	0.00193134288914	0.143085303897	0.0134978424516	0.983655427632
679	0.00155736684238	0.130240613265	0.0119576129392	0.985608552632
680	0.00472370293929	0.138712009186	0.0340540301233	0.985608552632
681	0.00160203843057	0.152983949094	0.0104719380043	0.981702302632
682	0.00954031478479	0.125697411918	0.0758990550338	0.981702302632
683	0.00421137726437	0.145473864363	0.0289493737093	0.975842927632
684	0.0314541857	0.167382666095	0.18791781989	0.975842927632
685	0.0378199749989	0.212282945939	0.178158329354	0.975842927632
686	0.0256786630792	0.166701630999	0.154039663112	0.977796052632
687	0.0233781332652	0.150698583295	0.155131738826	0.977796052632
688	0.0165549778286	0.109326452567	0.151427010022	0.983655427632
689	0.0084544381592	0.111250744423	0.0759944412334	0.981702302632
690	0.00593522312778	0.106199110904	0.0558876913116	0.985608552632
691	0.00751049875906	0.100196144245	0.0749579618618	0.983655427632
692	0.00713584645624	0.0919412306134	0.0776131275233	0.983655427632
693	0.00495595964951	0.0984224615611	0.0503539494024	0.983655427632
694	0.00837189358649	0.111741150907	0.0749222065332	0.985608552632
695	0.00331267384326	0.126401246531	0.02620760423	0.983655427632
696	0.00345122476094	0.121022335351	0.0285172546947	0.985608552632
697	0.0023536880507	0.11533212823	0.0204079131012	0.981702302632
698	0.00597849519818	0.134599498211	0.0444169204018	0.983655427632
699	0.00180339293387	0.123365428553	0.0146183007268	0.983655427632
700	0.00531215850827	0.110733371	0.047972516869	0.979749177632
701	0.00428937464739	0.129404719856	0.0331469721673	0.979749177632
702	0.00323686773587	0.131537832646	0.0246078840646	0.983655427632
703	0.00536148437507	0.141713600755	0.0378332379285	0.981702302632
704	0.00165789911741	0.140195175005	0.0118256503289	0.983655427632
705	0.00705468653049	0.143308629319	0.0492272277255	0.985608552632
706	0.0118986258489	0.142123937442	0.0837200689976	0.985608552632
707	0.00530936217403	0.122851251731	0.0432178109643	0.985608552632
708	0.00416715576268	0.143083979367	0.0291238458779	0.983655427632
709	0.0077227409315	0.116844071696	0.0660944181367	0.983655427632
710	0.00310644946497	0.130987172406	0.023715676947	0.983655427632
711	0.0011484075843	0.137184604624	0.00837125701859	0.985608552632
712	0.00271448409581	0.135730288148	0.019999103611	0.983655427632
713	0.00114508549321	0.13524671476	0.00846664183482	0.983655427632
714	0.00106632070487	0.127892892186	0.0083376072481	0.983655427632
715	0.00311883415234	0.121877895693	0.0255898260683	0.983655427632
716	0.00257488731625	0.121268747398	0.0212329010689	0.983655427632
717	0.00130153578226	0.114820300433	0.0113354152301	0.983655427632
718	0.00187679291359	0.123635633961	0.0151800322728	0.979749177632
719	0.00341924468068	0.122766206323	0.0278516766387	0.985608552632
720	0.00464817236519	0.116288430525	0.0399710645695	0.983655427632
721	0.00400699282623	0.123744569179	0.0323811610708	0.985608552632
722	0.00285911955546	0.118101273555	0.0242090493133	0.981702302632
723	0.0015477352221	0.121774765014	0.012709819	0.983655427632
724	0.00102542305246	0.132991046847	0.00771046680788	0.985608552632
725	0.00137868236966	0.126293940567	0.010916456985	0.983655427632
726	0.00256812759474	0.119362809557	0.0215153078607	0.985608552632
727	0.0039703246248	0.113907157719	0.0348557957576	0.983655427632
728	0.009008951149	0.12405545765	0.0726203531844	0.981702302632
729	0.0056092711456	0.143629448122	0.0390537680047	0.979749177632
730	0.0042099867181	0.143205542824	0.0293982106773	0.981702302632
731	0.00911820835845	0.162429203053	0.0561365086268	0.981702302632
732	0.00937819925422	0.139515688696	0.0672196750191	0.983655427632
733	0.00962724228245	0.122400315198	0.0786537376714	0.983655427632
734	0.00183034081753	0.12191118959	0.0150137228887	0.983655427632
735	0.00160121271046	0.126466811275	0.0126611297804	0.983655427632
736	0.0053184365041	0.12811388487	0.0415133497005	0.981702302632
737	0.0033800716861	0.138075668237	0.0244798502825	0.985608552632
738	0.00150232189227	0.141468006213	0.0106195169671	0.983655427632
739	0.00373939905608	0.139934093536	0.0267225731886	0.983655427632
740	0.00384091478159	0.151139358114	0.0254130679759	0.983655427632
741	0.00213378723246	0.154573639555	0.0138043410158	0.981702302632
742	0.0018063534961	0.150739615299	0.011983269909	0.981702302632
743	0.00223905616415	0.15104966932	0.0148233105986	0.983655427632
744	0.00431334606189	0.152037692307	0.0283702415923	0.975123355263
745	0.00903289270957	0.129464889125	0.0697709840143	0.983655427632
746	0.00554278949896	0.165757303319	0.0334391872211	0.981702302632
747	0.00403314027406	0.180269339842	0.0223728576229	0.979749177632
748	0.00169718331563	0.16691446343	0.0101679823351	0.981702302632
749	0.00257764791305	0.166818363088	0.0154518235602	0.981702302632
750	0.00211448317088	0.14896981547	0.0141940376592	0.983655427632
751	0.000817766250785	0.148456399929	0.00550846074119	0.981702302632
752	0.00183731123513	0.155176630244	0.0118401284539	0.981702302632
753	0.00199424316809	0.150631831695	0.0132391881958	0.983655427632
754	0.000647618272585	0.141794579654	0.00456729921669	0.983655427632
755	0.00154577078736	0.142556009691	0.0108432523519	0.985608552632
756	0.00120762011285	0.143752969437	0.0084006620356	0.985608552632
757	0.00118689932996	0.143558952121	0.00826767897389	0.985608552632
758	0.00194294319487	0.144617639597	0.0134350360045	0.983655427632
759	0.000995919267365	0.149695251935	0.00665297833093	0.983655427632
760	0.00264345775268	0.14418146237	0.0183342415122	0.983655427632
761	0.00170423374401	0.146618949956	0.0116235571495	0.983655427632
762	0.00342275432021	0.159409647278	0.0214714377621	0.983655427632
763	0.0017019271571	0.157771684198	0.0107872788818	0.983655427632
764	0.00083862158265	0.158496685453	0.00529109855046	0.983655427632
765	0.00142116827119	0.163650719316	0.00868415535923	0.985608552632
766	0.00243605906526	0.169411562678	0.0143795324637	0.983655427632
767	0.0106124340554	0.161694524769	0.0656326123013	0.985608552632
768	0.00692273155697	0.164351321684	0.042121544786	0.985608552632
769	0.00169362197499	0.171142047152	0.00989600161489	0.983655427632
770	0.00349836259263	0.169930167582	0.0205870602166	0.983655427632
771	0.0032442598498	0.164418073994	0.0197317713983	0.983655427632
772	0.0051066167493	0.165407603622	0.030872926259	0.983655427632
773	0.00214044669264	0.164077530847	0.0130453370525	0.983655427632
774	0.00149049424591	0.154086207791	0.00967311914077	0.985608552632
775	0.00174310735784	0.154255714557	0.0113001152848	0.983655427632
776	0.00155480201035	0.148815463452	0.0104478524898	0.981702302632
777	0.000514557216301	0.150532861633	0.00341823845452	0.981702302632
778	0.000377544009076	0.152683004701	0.00247273106666	0.981702302632
779	0.000531597558652	0.154611576097	0.00343827785779	0.981702302632
780	0.000658919169536	0.159751179607	0.00412465918034	0.983655427632
781	0.000596082796218	0.158717583017	0.00375561916259	0.983655427632
782	0.00101729199854	0.160708931736	0.00633002775608	0.983655427632
783	0.000684246903509	0.151461666151	0.00451762429992	0.983655427632
784	0.0041228633359	0.140160554601	0.0294152898271	0.975123355263
785	0.00452634833035	0.138195114206	0.0327533166158	0.983655427632
786	0.00219376864861	0.141350873351	0.0155200218902	0.983655427632
787	0.00690194570301	0.142525456331	0.0484260558125	0.979749177632
788	0.00878997700118	0.130106382297	0.067559921704	0.981702302632
789	0.00204358794014	0.137845658023	0.0148251890517	0.981702302632
790	0.00115413698803	0.136603123997	0.00844883304463	0.979749177632
791	0.00178756450553	0.14130087598	0.0126507673298	0.981702302632
792	0.00051570548093	0.144208444392	0.0035761115315	0.979749177632
793	0.00106257111172	0.133644352388	0.00795073710737	0.981702302632
794	0.00332837279005	0.130728840639	0.0254601262719	0.983655427632
795	0.00226461037732	0.136627128235	0.0165751151077	0.983655427632
796	0.000779784767597	0.139930198731	0.0055726696215	0.983655427632
797	0.000851917663154	0.146053022803	0.00583293414135	0.983655427632
798	0.00145337669496	0.138311417061	0.0105080023461	0.983655427632
799	0.000395674194929	0.135943170588	0.00291058530721	0.983655427632
800	0.00113600943902	0.142032747704	0.00799822194091	0.983655427632
801	0.00274831900735	0.132054132321	0.0208120636517	0.985608552632
802	0.00152451878839	0.11905109201	0.0128055842466	0.981702302632
803	0.00271022322262	0.126415359852	0.0214390341948	0.983655427632
804	0.00119760657034	0.133940898029	0.00894130611309	0.983655427632
805	0.00142358523975	0.134777847957	0.0105624571198	0.983655427632
806	0.00263698904653	0.131744663405	0.020015907881	0.981702302632
807	0.00072363216643	0.130812076593	0.00553184526442	0.983655427632
808	0.00169029338902	0.126090140442	0.0134054366432	0.983655427632
809	0.00234047760108	0.16911599642	0.0138394808926	0.981702302632
810	0.00410109153571	0.142607686034	0.0287578576566	0.983655427632
811	0.00112862966644	0.13552167681	0.00832803794207	0.981702302632
812	0.00218533647857	0.140198697501	0.0155874235462	0.985608552632
813	0.00178381186599	0.154688608078	0.0115316304682	0.983655427632
814	0.00468692547962	0.131170476901	0.0357315578198	0.981702302632
815	0.00363979590652	0.132202006489	0.0275320776378	0.981702302632
816	0.00132498803453	0.145059392003	0.0091341071835	0.981702302632
817	0.00240055667872	0.139584465129	0.0171978785498	0.983655427632
818	0.00277293994193	0.12737122859	0.0217705361927	0.983655427632
819	0.00163645843216	0.128665224374	0.0127187314219	0.983655427632
820	0.00336421276665	0.11637367676	0.0289087090854	0.983655427632
821	0.00150670698917	0.116219609428	0.0129643095222	0.985608552632
822	0.00136442235601	0.129405314033	0.010543789227	0.981702302632
823	0.00414718750284	0.134963659697	0.0307281790679	0.983655427632
824	0.00562489653534	0.124661871557	0.045121226443	0.981702302632
825	0.00392552904629	0.113405093692	0.034615103418	0.983655427632
826	0.00415293500069	0.145128803652	0.0286155118501	0.983655427632
827	0.00459611313361	0.148768152407	0.0308944694092	0.981702302632
828	0.004932596264	0.140641186276	0.0350722032045	0.981702302632
829	0.00220001154954	0.120252075446	0.0182949985801	0.983655427632
830	0.00440500404439	0.126325966267	0.0348701393274	0.987561677632
831	0.00289798148771	0.136206242913	0.0212764218859	0.985608552632
832	0.0019886191547	0.132527606838	0.0150053200397	0.985608552632
833	0.00160219912699	0.135523918529	0.0118222609291	0.985608552632
834	0.00503445911765	0.133163846303	0.0378065012194	0.983655427632
835	0.0151567874533	0.126391464956	0.11991939059	0.985608552632
836	0.00766802351708	0.11352142934	0.0675469253838	0.985608552632
837	0.0118832826931	0.119030030256	0.0998343247294	0.977796052632
838	0.0118292185655	0.132052482963	0.0895796754444	0.981702302632
839	0.00357268975723	0.140788870316	0.025376222916	0.979749177632
840	0.008477424423	0.13191145579	0.0642660212656	0.981702302632
841	0.00999048998699	0.130563644153	0.0765181613288	0.983655427632
842	0.00747312449473	0.118327531704	0.0631562611601	0.979749177632
843	0.0120737657701	0.157337254645	0.0767381240852	0.981702302632
844	0.00690713469346	0.156140935119	0.0442365398171	0.970497532895
845	0.00611664047671	0.115960373946	0.0527476780951	0.983655427632
846	0.00537479212223	0.127245464674	0.0422395575041	0.983655427632
847	0.000696189406358	0.131406674423	0.00529797599258	0.983655427632
848	0.00115339612537	0.139708260124	0.00825574754385	0.983655427632
849	0.000609888172963	0.139842620484	0.0043612467419	0.983655427632
850	0.0022840182701	0.127618584341	0.0178972230564	0.983655427632
851	0.00274016052229	0.145233141438	0.0188673225351	0.983655427632
852	0.0015858370347	0.146551156602	0.0108210475541	0.983655427632
853	0.00440390692038	0.145131240958	0.0303443069273	0.983655427632
854	0.00178103720783	0.128379341693	0.0138732383602	0.983655427632
855	0.00123898527224	0.142489381968	0.00869528139654	0.983655427632
856	0.000388042536903	0.140900954528	0.00275400928406	0.983655427632
857	0.000442146659554	0.139873712034	0.00316104186502	0.983655427632
858	0.000600266408971	0.139793859466	0.00429393974288	0.983655427632
859	0.00158941151233	0.127142609879	0.0125010137344	0.983655427632
860	0.00229015028657	0.111963205742	0.0204544901281	0.983655427632
861	0.000877597935167	0.106241826184	0.00826038074349	0.985608552632
862	0.00104397078898	0.119663161526	0.00872424542076	0.983655427632
863	0.00104751734576	0.123955017314	0.00845078616791	0.983655427632
864	0.00272243879279	0.147063552997	0.0185119884384	0.985608552632
865	0.000284442120673	0.152782229128	0.00186174872756	0.985608552632
866	0.000874892961819	0.141312378797	0.00619119831729	0.983655427632
867	0.00401536421698	0.150052042905	0.0267598103915	0.983655427632
868	0.00544202255036	0.164648393555	0.0330523877753	0.979749177632
869	0.00833874607952	0.139004086166	0.0599892154935	0.985608552632
870	0.00369476806829	0.151190894885	0.0244377683662	0.983655427632
871	0.0032953475949	0.159246456697	0.0206933809596	0.983655427632
872	0.0026539138262	0.153758382813	0.0172602870662	0.983655427632
873	0.00274684576886	0.132489719192	0.0207325201201	0.981702302632
874	0.00176399392167	0.133662934593	0.0131973304869	0.983655427632
875	0.00288490647641	0.142192280454	0.0202887700176	0.983655427632
876	0.00759466584748	0.157843940697	0.0481150294014	0.975123355263
877	0.011812907109	0.12470938093	0.0947234844791	0.983655427632
