# Neural Network with 1318551 learnable parameters

## Layer information

  #  name     size
---  -------  --------
  0  input    3x40x40
  1  conv1    32x38x38
  2  pool1    32x19x19
  3  conv2    64x18x18
  4  pool2    64x9x9
  5  conv3    128x8x8
  6  pool3    128x4x4
  7  hidden4  500
  8  hidden5  500
  9  output   3

  epoch    train loss    valid loss    train/val    valid acc  dur
-------  ------------  ------------  -----------  -----------  ------
      1       0.98961       0.89134      1.11025      0.59786  43.80s
      2       0.91890       0.87481      1.05040      0.62911  43.69s
      3       0.89874       0.84575      1.06265      0.66571  43.79s
      4       0.87560       0.81482      1.07459      0.65913  43.65s
      5       0.85398       0.79128      1.07924      0.67475  43.72s
      6       0.83505       0.77951      1.07125      0.69572  43.69s
      7       0.81607       0.76515      1.06656      0.71988  43.82s
      8       0.79631       0.76283      1.04389      0.70744  43.72s
      9       0.78100       0.76157      1.02552      0.71135  43.77s
     10       0.77005       0.75945      1.01396      0.69624  43.78s
     11       0.75695       0.74026      1.02254      0.72039  43.76s
     12       0.74247       0.74708      0.99382      0.70014  43.95s
     13       0.72717       0.73361      0.99122      0.70600  43.83s
     14       0.71894       0.74116      0.97003      0.69356  43.84s
     15       0.70881       0.72842      0.97308      0.70333  43.81s
     16       0.69678       0.72735      0.95798      0.70991  43.78s
     17       0.68814       0.72490      0.94928      0.69552  43.85s
     18       0.67959       0.72005      0.94381      0.71382  43.78s
     19       0.66529       0.73684      0.90291      0.69161  43.82s
     20       0.65975       0.74100      0.89035      0.70405  43.73s
     21       0.64816       0.71960      0.90072      0.70405  44.07s
     22       0.63939       0.72169      0.88596      0.69942  43.94s
     23       0.62501       0.70869      0.88192      0.69942  43.70s
     24       0.61878       0.71913      0.86045      0.70014  43.66s
     25       0.61021       0.70903      0.86063      0.68308  43.65s
     26       0.61270       0.70931      0.86379      0.71186  43.67s
     27       0.58982       0.71498      0.82495      0.70158  44.01s
     28       0.57627       0.71804      0.80256      0.70744  44.41s
     29       0.56797       0.69680      0.81511      0.70405  44.09s
     30       0.56106       0.71644      0.78313      0.69428  44.02s
     31       0.55324       0.71596      0.77273      0.69356  44.13s
     32       0.54648       0.72327      0.75557      0.71135  43.97s
     33       0.54617       0.72711      0.75116      0.68894  44.18s
     34       0.51716       0.74785      0.69153      0.70014  44.17s
     35       0.51194       0.76408      0.67001      0.69696  44.02s
     36       0.48669       0.77548      0.62760      0.70744  43.97s
     37       0.47850       0.76042      0.62925      0.69428  44.07s
     38       0.53852       0.73624      0.73145      0.69819  44.13s
     39       0.49197       0.75059      0.65545      0.69942  44.03s
     40       0.46811       0.75078      0.62351      0.69870  43.98s
     41       0.43099       0.83415      0.51668      0.67136  44.03s
     42       0.41860       0.79898      0.52392      0.68894  44.20s
     43       0.40199       0.83568      0.48103      0.67722  44.14s
     44       0.39412       0.82111      0.47999      0.66674  44.11s
     45       0.51855       0.77378      0.67015      0.64525  44.03s
     46       0.43464       0.76520      0.56801      0.69089  44.12s
     47       0.37516       0.82615      0.45411      0.68041  44.03s
     48       0.35777       0.84118      0.42533      0.67064  44.52s
     49       0.32647       0.85424      0.38218      0.68308  44.37s
     50       0.31275       0.91560      0.34158      0.66869  44.13s
     51       0.32101       0.91296      0.35161      0.66941  44.10s
     52       0.29217       0.95565      0.30573      0.67136  44.07s
     53       0.27894       0.96508      0.28903      0.66941  44.12s
     54       0.26094       1.01504      0.25707      0.66622  44.22s
     55       0.26570       1.00416      0.26459      0.68452  44.25s
     56       0.23271       0.99602      0.23364      0.68647  44.44s
     57       0.22432       1.12612      0.19919      0.69161  44.38s
     58       0.21207       1.08053      0.19627      0.69233  44.20s
     59       0.20978       1.09715      0.19120      0.69891  44.25s
     60       0.18819       1.17523      0.16013      0.66283  44.40s
     61       0.78206       0.74700      1.04692      0.68647  44.24s
     62       0.55508       0.74564      0.74444      0.66211  44.04s
     63       0.45676       0.73875      0.61828      0.70282  44.07s
     64       0.35796       0.81045      0.44168      0.71063  44.09s
     65       0.28369       0.92737      0.30590      0.69110  44.07s
     66       0.25510       0.99060      0.25752      0.70354  44.08s
     67       0.21215       1.13229      0.18736      0.69161  44.09s
     68       0.23663       1.04260      0.22696      0.70086  44.12s
     69       0.18141       1.08882      0.16662      0.67845  44.12s
     70       0.18001       1.09944      0.16373      0.69819  44.10s
     71       0.16412       1.23288      0.13312      0.68380  44.13s
     72       0.15041       1.34620      0.11173      0.67845  44.12s
     73       0.14319       1.33568      0.10721      0.70405  44.11s
     74       0.13512       1.31917      0.10243      0.65892  44.08s
     75       0.12399       1.32974      0.09324      0.66088  44.08s
     76       0.12333       1.29495      0.09524      0.67208  44.40s
     77       0.10633       1.45577      0.07304      0.66355  44.20s
     78       0.09620       1.35624      0.07093      0.66231  44.17s
     79       0.08527       1.40874      0.06053      0.67794  44.10s
     80       0.08090       1.51472      0.05341      0.67794  44.14s
     81       0.08691       1.49430      0.05816      0.64792  44.20s
     82       0.08159       1.56020      0.05230      0.62695  44.14s
     83       0.08810       1.52397      0.05781      0.67352  44.16s
     84       0.07540       1.58045      0.04771      0.66036  44.19s
     85       0.07282       1.57763      0.04616      0.64597  44.20s
     86       0.07490       1.63351      0.04585      0.65183  44.19s
     87       0.06395       1.59565      0.04008      0.67722  44.16s
     88       0.06113       1.69861      0.03599      0.67599  44.25s
     89       0.06305       1.69679      0.03716      0.67280  44.27s
     90       0.05954       1.60826      0.03702      0.68452  44.24s
     91       0.14134       3.20118      0.04415      0.61205  44.20s
     92       0.61725       0.96147      0.64198      0.64597  44.13s
     93       0.33676       1.04542      0.32213      0.67722  44.20s
     94       0.25019       1.15851      0.21596      0.67599  44.18s
     95       0.18121       1.31122      0.13820      0.65769  44.22s
     96       0.13322       1.49795      0.08893      0.64330  44.19s
     97       0.10777       1.55734      0.06920      0.66283  44.16s
     98       0.09172       1.63553      0.05608      0.66355  44.21s
     99       0.08146       1.71362      0.04754      0.67331  44.21s
    100       0.07125       1.89206      0.03766      0.67331  44.22s
    101       0.06385       1.83992      0.03470      0.65964  44.25s
    102       0.07562       1.95294      0.03872      0.66550  44.37s
    103       0.06417       2.01645      0.03182      0.66160  44.32s
    104       0.05484       2.03093      0.02700      0.67403  44.23s
    105       0.04967       2.06653      0.02404      0.66088  44.25s
    106       0.05228       2.09298      0.02498      0.67527  44.21s
    107       0.04418       2.10175      0.02102      0.66550  44.18s
    108       0.04760       2.19388      0.02170      0.66283  44.25s
    109       0.04349       2.23450      0.01946      0.65697  44.29s
    110       0.04588       2.21775      0.02069      0.67722  44.28s
    111       0.04012       2.32678      0.01724      0.65502  44.25s
    112       0.04467       2.34068      0.01908      0.66478  44.19s
    113       0.04022       2.35450      0.01708      0.66283  44.21s
    114       0.03743       2.42107      0.01546      0.66088  44.26s
    115       0.03843       2.42247      0.01586      0.65892  44.21s
    116       0.03814       2.47836      0.01539      0.66550  44.34s
    117       0.03839       2.40016      0.01599      0.65502  44.22s
    118       0.03623       2.48707      0.01457      0.65697  44.26s
    119       0.03777       2.54060      0.01486      0.65111  44.53s
    120       0.03973       2.49594      0.01592      0.66160  44.45s
    121       0.03927       2.43056      0.01615      0.66160  44.22s
    122       0.04009       2.49751      0.01605      0.65234  44.20s
    123       0.03820       2.53218      0.01509      0.65234  44.24s
    124       0.03528       2.48503      0.01420      0.64648  44.24s
    125       0.03212       2.47655      0.01297      0.65430  44.46s
    126       0.03716       2.51937      0.01475      0.65964  44.29s
    127       0.03465       2.49354      0.01390      0.67136  44.18s
    128       0.03429       2.52953      0.01356      0.66355  44.27s
    129       0.03652       2.52056      0.01449      0.65769  44.25s
    130       0.03306       2.52198      0.01311      0.65964  44.62s
    131       0.03714       2.48938      0.01492      0.65502  44.30s
    132       0.03566       2.55155      0.01398      0.66478  44.24s
    133       0.03770       2.56282      0.01471      0.66283  44.23s
    134       0.03879       2.49118      0.01557      0.66745  44.24s
    135       0.03514       2.51293      0.01399      0.66355  44.25s
    136       0.03100       2.57457      0.01204      0.67331  44.33s
    137       0.03158       2.61259      0.01209      0.67136  44.22s
    138       0.03638       2.60128      0.01399      0.65964  44.25s
    139       0.03479       2.63907      0.01318      0.66088  44.20s
    140       0.03591       2.49159      0.01441      0.67208  44.25s
    141       0.03513       2.54104      0.01382      0.65697  44.24s
    142       0.03413       2.59250      0.01316      0.65697  44.19s
    143       0.03386       2.54760      0.01329      0.66550  44.24s
    144       0.03243       2.51903      0.01287      0.66160  44.73s
    145       0.02908       2.55252      0.01139      0.66355  44.28s
    146       0.03273       2.59726      0.01260      0.66550  44.25s
    147       0.03169       2.58185      0.01228      0.66941  44.22s
    148       0.03551       2.63657      0.01347      0.66283  44.29s
    149       0.03355       2.59638      0.01292      0.65892  44.22s
    150       0.03362       2.58407      0.01301      0.66550  44.31s
    151       0.03040       2.58506      0.01176      0.66088  44.17s
    152       0.03431       2.58082      0.01330      0.66088  44.27s
    153       0.03118       2.58113      0.01208      0.66550  44.25s
    154       0.03273       2.66228      0.01230      0.66283  44.25s
    155       0.03408       2.64894      0.01286      0.66088  44.36s
    156       0.03388       2.61532      0.01296      0.65892  44.29s
    157       0.03076       2.61570      0.01176      0.66088  44.29s
    158       0.03067       2.64244      0.01161      0.66745  44.34s
    159       0.03580       2.74526      0.01304      0.65502  44.22s
    160       0.03105       2.68423      0.01157      0.65697  44.22s
    161       0.02939       2.66062      0.01105      0.66088  44.25s
    162       0.03427       2.69702      0.01271      0.65234  44.40s
    163       0.03478       2.61430      0.01330      0.65697  44.31s
    164       0.03037       2.61361      0.01162      0.66088  44.19s
    165       0.03084       2.64124      0.01168      0.66088  44.24s
    166       0.03306       2.68681      0.01230      0.65697  44.36s
    167       0.02736       2.70296      0.01012      0.65892  44.26s
    168       0.03271       2.63586      0.01241      0.66550  44.27s
    169       0.03267       2.66396      0.01227      0.65697  44.22s
    170       0.03244       2.62736      0.01235      0.65039  44.22s
    171       0.02697       2.65201      0.01017      0.65625  44.25s
    172       0.02955       2.73564      0.01080      0.65039  44.31s
    173       0.03765       2.63802      0.01427      0.66283  44.46s
    174       0.02878       2.66644      0.01079      0.65892  44.57s
    175       0.02992       2.64496      0.01131      0.66622  44.25s
    176       0.02877       2.70949      0.01062      0.68185  44.37s
    177       0.02998       2.78732      0.01076      0.65820  44.36s
    178       0.02668       2.79544      0.00954      0.65430  44.24s
    179       0.03255       2.71835      0.01197      0.65820  44.26s
    180       0.03093       2.75732      0.01122      0.65039  44.38s
    181       0.03175       2.73803      0.01160      0.66088  44.25s
    182       0.03101       2.71896      0.01140      0.66745  44.21s
    183       0.03421       2.71384      0.01261      0.65502  44.29s
    184       0.03065       2.75824      0.01111      0.66088  44.31s
    185       0.02948       2.76057      0.01068      0.66478  44.27s
    186       0.02923       2.71922      0.01075      0.66088  44.21s
    187       0.02983       2.73855      0.01089      0.66478  44.22s
    188       0.03179       2.72780      0.01165      0.66283  44.33s
    189       0.03001       2.72759      0.01100      0.65430  44.25s
    190       0.03290       2.70843      0.01215      0.65964  44.23s
    191       0.02860       2.82343      0.01013      0.66745  44.22s
    192       0.03295       2.69745      0.01221      0.66941  44.53s
    193       0.02994       2.74337      0.01091      0.65625  44.27s
    194       0.03022       2.75426      0.01097      0.66211  44.26s
    195       0.03023       2.79379      0.01082      0.65306  44.29s
    196       0.03242       2.71620      0.01193      0.65625  44.23s
    197       0.02908       2.72544      0.01067      0.65234  44.24s
    198       0.02612       2.73036      0.00957      0.65625  44.63s
    199       0.03247       2.73537      0.01187      0.65039  44.48s
    200       0.02982       2.75440      0.01083      0.65892  44.30s
    201       0.02974       2.82100      0.01054      0.66283  44.23s
    202       0.03355       2.76871      0.01212      0.66478  44.25s
    203       0.02686       2.76330      0.00972      0.66283  44.28s
    204       0.03040       2.74947      0.01106      0.66283  44.32s
    205       0.02756       2.77057      0.00995      0.66088  44.44s
    206       0.02966       2.80137      0.01059      0.66674  44.44s
    207       0.02888       2.81454      0.01026      0.65625  44.22s
    208       0.03056       2.74882      0.01112      0.66088  44.36s
    209       0.03000       2.85564      0.01051      0.66088  44.48s
    210       0.03117       2.74463      0.01136      0.66283  44.30s
    211       0.02951       2.79267      0.01057      0.66478  44.21s
    212       0.02932       2.79328      0.01050      0.66016  44.24s
    213       0.03081       2.82528      0.01091      0.65820  44.37s
    214       0.03125       2.85401      0.01095      0.66478  44.39s
    215       0.02911       2.80487      0.01038      0.66016  44.28s
    216       0.02780       2.79691      0.00994      0.65625  44.32s
    217       0.02823       2.81906      0.01001      0.66283  44.26s
    218       0.03164       2.80469      0.01128      0.66088  44.23s
    219       0.02891       2.80033      0.01032      0.65430  44.30s
    220       0.02824       2.81047      0.01005      0.65820  44.29s
    221       0.02869       2.82472      0.01016      0.66674  44.25s
    222       0.02845       2.83384      0.01004      0.66088  44.27s
    223       0.02966       2.76546      0.01073      0.64844  44.30s
    224       0.02863       2.76258      0.01036      0.65892  44.27s
    225       0.03036       2.84404      0.01068      0.67331  44.30s
    226       0.03109       2.80875      0.01107      0.65502  44.26s
    227       0.02812       2.73733      0.01027      0.65892  44.24s
    228       0.03110       2.78314      0.01117      0.65892  44.25s
    229       0.02794       2.83164      0.00987      0.66283  44.46s
